mode: atomic
github.com/sonar-solutions/sonar-migration-tool/cmd/analysis_report.go:19.13,21.2 1 0
github.com/sonar-solutions/sonar-migration-tool/cmd/analysis_report.go:23.65,29.16 5 0
github.com/sonar-solutions/sonar-migration-tool/cmd/analysis_report.go:29.16,31.3 1 0
github.com/sonar-solutions/sonar-migration-tool/cmd/analysis_report.go:33.2,33.20 1 0
github.com/sonar-solutions/sonar-migration-tool/cmd/analysis_report.go:33.20,36.3 2 0
github.com/sonar-solutions/sonar-migration-tool/cmd/analysis_report.go:38.2,41.12 4 0
github.com/sonar-solutions/sonar-migration-tool/cmd/analysis_report.go:44.70,45.25 1 0
github.com/sonar-solutions/sonar-migration-tool/cmd/analysis_report.go:45.25,46.29 1 0
github.com/sonar-solutions/sonar-migration-tool/cmd/analysis_report.go:46.29,48.4 1 0
github.com/sonar-solutions/sonar-migration-tool/cmd/analysis_report.go:48.9,50.4 1 0
github.com/sonar-solutions/sonar-migration-tool/cmd/analysis_report.go:52.2,52.8 1 0
github.com/sonar-solutions/sonar-migration-tool/cmd/extract.go:17.54,19.17 2 0
github.com/sonar-solutions/sonar-migration-tool/cmd/extract.go:19.17,21.4 1 0
github.com/sonar-solutions/sonar-migration-tool/cmd/extract.go:22.3,22.39 1 0
github.com/sonar-solutions/sonar-migration-tool/cmd/extract.go:22.39,24.4 1 0
github.com/sonar-solutions/sonar-migration-tool/cmd/extract.go:25.3,26.17 2 0
github.com/sonar-solutions/sonar-migration-tool/cmd/extract.go:26.17,28.4 1 0
github.com/sonar-solutions/sonar-migration-tool/cmd/extract.go:29.3,29.23 1 0
github.com/sonar-solutions/sonar-migration-tool/cmd/extract.go:29.23,31.32 2 0
github.com/sonar-solutions/sonar-migration-tool/cmd/extract.go:31.32,33.5 1 0
github.com/sonar-solutions/sonar-migration-tool/cmd/extract.go:35.3,35.13 1 0
github.com/sonar-solutions/sonar-migration-tool/cmd/extract.go:39.13,51.2 11 0
github.com/sonar-solutions/sonar-migration-tool/cmd/extract.go:53.91,58.22 3 0
github.com/sonar-solutions/sonar-migration-tool/cmd/extract.go:58.22,60.17 2 0
github.com/sonar-solutions/sonar-migration-tool/cmd/extract.go:60.17,62.4 1 0
github.com/sonar-solutions/sonar-migration-tool/cmd/extract.go:63.3,63.52 1 0
github.com/sonar-solutions/sonar-migration-tool/cmd/extract.go:63.52,65.4 1 0
github.com/sonar-solutions/sonar-migration-tool/cmd/extract.go:69.2,69.36 1 0
github.com/sonar-solutions/sonar-migration-tool/cmd/extract.go:69.36,71.3 1 0
github.com/sonar-solutions/sonar-migration-tool/cmd/extract.go:72.2,72.36 1 0
github.com/sonar-solutions/sonar-migration-tool/cmd/extract.go:72.36,74.3 1 0
github.com/sonar-solutions/sonar-migration-tool/cmd/extract.go:77.2,87.17 10 0
github.com/sonar-solutions/sonar-migration-tool/cmd/extract.go:90.70,91.31 1 0
github.com/sonar-solutions/sonar-migration-tool/cmd/extract.go:91.31,94.3 2 0
github.com/sonar-solutions/sonar-migration-tool/cmd/extract.go:97.64,98.31 1 0
github.com/sonar-solutions/sonar-migration-tool/cmd/extract.go:98.31,101.3 2 0
github.com/sonar-solutions/sonar-migration-tool/cmd/mappings.go:12.54,15.3 2 0
github.com/sonar-solutions/sonar-migration-tool/cmd/mappings.go:18.13,20.2 1 0
github.com/sonar-solutions/sonar-migration-tool/cmd/migrate.go:19.54,21.17 2 0
github.com/sonar-solutions/sonar-migration-tool/cmd/migrate.go:21.17,23.4 1 0
github.com/sonar-solutions/sonar-migration-tool/cmd/migrate.go:24.3,24.49 1 0
github.com/sonar-solutions/sonar-migration-tool/cmd/migrate.go:24.49,26.4 1 0
github.com/sonar-solutions/sonar-migration-tool/cmd/migrate.go:27.3,27.48 1 0
github.com/sonar-solutions/sonar-migration-tool/cmd/migrate.go:31.13,41.2 9 0
github.com/sonar-solutions/sonar-migration-tool/cmd/migrate.go:43.91,48.22 3 0
github.com/sonar-solutions/sonar-migration-tool/cmd/migrate.go:48.22,50.17 2 0
github.com/sonar-solutions/sonar-migration-tool/cmd/migrate.go:50.17,52.4 1 0
github.com/sonar-solutions/sonar-migration-tool/cmd/migrate.go:53.3,53.52 1 0
github.com/sonar-solutions/sonar-migration-tool/cmd/migrate.go:53.52,55.4 1 0
github.com/sonar-solutions/sonar-migration-tool/cmd/migrate.go:59.2,59.36 1 0
github.com/sonar-solutions/sonar-migration-tool/cmd/migrate.go:59.36,61.3 1 0
github.com/sonar-solutions/sonar-migration-tool/cmd/migrate.go:62.2,62.36 1 0
github.com/sonar-solutions/sonar-migration-tool/cmd/migrate.go:62.36,64.3 1 0
github.com/sonar-solutions/sonar-migration-tool/cmd/migrate.go:67.2,73.42 7 0
github.com/sonar-solutions/sonar-migration-tool/cmd/migrate.go:73.42,75.3 1 0
github.com/sonar-solutions/sonar-migration-tool/cmd/migrate.go:77.2,77.17 1 0
github.com/sonar-solutions/sonar-migration-tool/cmd/report.go:21.13,26.2 4 0
github.com/sonar-solutions/sonar-migration-tool/cmd/report.go:28.57,34.16 5 0
github.com/sonar-solutions/sonar-migration-tool/cmd/report.go:34.16,36.3 1 0
github.com/sonar-solutions/sonar-migration-tool/cmd/report.go:37.2,37.23 1 0
github.com/sonar-solutions/sonar-migration-tool/cmd/report.go:37.23,39.3 1 0
github.com/sonar-solutions/sonar-migration-tool/cmd/report.go:41.2,42.20 2 0
github.com/sonar-solutions/sonar-migration-tool/cmd/report.go:43.19,44.61 1 0
github.com/sonar-solutions/sonar-migration-tool/cmd/report.go:45.18,46.59 1 0
github.com/sonar-solutions/sonar-migration-tool/cmd/report.go:47.10,48.96 1 0
github.com/sonar-solutions/sonar-migration-tool/cmd/report.go:51.2,51.20 1 0
github.com/sonar-solutions/sonar-migration-tool/cmd/report.go:51.20,53.3 1 0
github.com/sonar-solutions/sonar-migration-tool/cmd/report.go:54.2,55.65 2 0
github.com/sonar-solutions/sonar-migration-tool/cmd/report.go:55.65,57.3 1 0
github.com/sonar-solutions/sonar-migration-tool/cmd/report.go:59.2,60.12 2 0
github.com/sonar-solutions/sonar-migration-tool/cmd/reset.go:15.54,32.3 7 0
github.com/sonar-solutions/sonar-migration-tool/cmd/reset.go:35.13,41.2 5 0
github.com/sonar-solutions/sonar-migration-tool/cmd/root.go:17.13,19.2 1 0
github.com/sonar-solutions/sonar-migration-tool/cmd/root.go:21.20,32.2 1 0
github.com/sonar-solutions/sonar-migration-tool/cmd/root.go:35.22,37.2 1 0
github.com/sonar-solutions/sonar-migration-tool/cmd/structure.go:12.54,15.3 2 0
github.com/sonar-solutions/sonar-migration-tool/cmd/structure.go:18.13,20.2 1 0
github.com/sonar-solutions/sonar-migration-tool/cmd/wizard.go:20.13,22.2 1 0
github.com/sonar-solutions/sonar-migration-tool/cmd/wizard.go:24.57,33.36 6 0
github.com/sonar-solutions/sonar-migration-tool/cmd/wizard.go:33.36,37.3 3 0
github.com/sonar-solutions/sonar-migration-tool/cmd/wizard.go:38.2,38.12 1 0
github.com/sonar-solutions/sonar-migration-tool/main.go:10.13,11.38 1 0
github.com/sonar-solutions/sonar-migration-tool/main.go:11.38,14.3 2 0
github.com/sonar-solutions/sonar-migration-tool/internal/analysis/analysis_report.go:64.63,66.2 1 11
github.com/sonar-solutions/sonar-migration-tool/internal/analysis/analysis_report.go:70.82,71.27 1 12
github.com/sonar-solutions/sonar-migration-tool/internal/analysis/analysis_report.go:71.27,73.3 1 11
github.com/sonar-solutions/sonar-migration-tool/internal/analysis/analysis_report.go:75.2,76.52 2 12
github.com/sonar-solutions/sonar-migration-tool/internal/analysis/analysis_report.go:76.52,78.3 1 1
github.com/sonar-solutions/sonar-migration-tool/internal/analysis/analysis_report.go:80.2,81.16 2 11
github.com/sonar-solutions/sonar-migration-tool/internal/analysis/analysis_report.go:81.16,83.3 1 0
github.com/sonar-solutions/sonar-migration-tool/internal/analysis/analysis_report.go:85.2,85.19 1 11
github.com/sonar-solutions/sonar-migration-tool/internal/analysis/analysis_report.go:85.19,86.93 1 10
github.com/sonar-solutions/sonar-migration-tool/internal/analysis/analysis_report.go:86.93,88.4 1 0
github.com/sonar-solutions/sonar-migration-tool/internal/analysis/analysis_report.go:91.2,91.18 1 11
github.com/sonar-solutions/sonar-migration-tool/internal/analysis/analysis_report.go:94.56,96.16 2 11
github.com/sonar-solutions/sonar-migration-tool/internal/analysis/analysis_report.go:96.16,98.3 1 0
github.com/sonar-solutions/sonar-migration-tool/internal/analysis/analysis_report.go:99.2,105.21 5 11
github.com/sonar-solutions/sonar-migration-tool/internal/analysis/analysis_report.go:105.21,107.10 2 15
github.com/sonar-solutions/sonar-migration-tool/internal/analysis/analysis_report.go:107.10,108.12 1 0
github.com/sonar-solutions/sonar-migration-tool/internal/analysis/analysis_report.go:110.3,110.45 1 15
github.com/sonar-solutions/sonar-migration-tool/internal/analysis/analysis_report.go:110.45,112.4 1 13
github.com/sonar-solutions/sonar-migration-tool/internal/analysis/analysis_report.go:114.2,114.28 1 11
github.com/sonar-solutions/sonar-migration-tool/internal/analysis/analysis_report.go:117.55,119.16 2 19
github.com/sonar-solutions/sonar-migration-tool/internal/analysis/analysis_report.go:119.16,121.3 1 2
github.com/sonar-solutions/sonar-migration-tool/internal/analysis/analysis_report.go:122.2,123.61 2 17
github.com/sonar-solutions/sonar-migration-tool/internal/analysis/analysis_report.go:123.61,125.3 1 1
github.com/sonar-solutions/sonar-migration-tool/internal/analysis/analysis_report.go:126.2,126.20 1 16
github.com/sonar-solutions/sonar-migration-tool/internal/analysis/analysis_report.go:129.44,130.15 1 46
github.com/sonar-solutions/sonar-migration-tool/internal/analysis/analysis_report.go:130.15,132.3 1 1
github.com/sonar-solutions/sonar-migration-tool/internal/analysis/analysis_report.go:133.2,133.45 1 45
github.com/sonar-solutions/sonar-migration-tool/internal/analysis/analysis_report.go:133.45,134.50 1 637
github.com/sonar-solutions/sonar-migration-tool/internal/analysis/analysis_report.go:134.50,136.4 1 44
github.com/sonar-solutions/sonar-migration-tool/internal/analysis/analysis_report.go:138.2,138.18 1 1
github.com/sonar-solutions/sonar-migration-tool/internal/analysis/analysis_report.go:141.60,142.57 1 41
github.com/sonar-solutions/sonar-migration-tool/internal/analysis/analysis_report.go:142.57,143.44 1 51
github.com/sonar-solutions/sonar-migration-tool/internal/analysis/analysis_report.go:143.44,144.39 1 39
github.com/sonar-solutions/sonar-migration-tool/internal/analysis/analysis_report.go:144.39,146.5 1 39
github.com/sonar-solutions/sonar-migration-tool/internal/analysis/analysis_report.go:147.4,147.31 1 0
github.com/sonar-solutions/sonar-migration-tool/internal/analysis/analysis_report.go:147.31,149.45 2 0
github.com/sonar-solutions/sonar-migration-tool/internal/analysis/analysis_report.go:149.45,151.6 1 0
github.com/sonar-solutions/sonar-migration-tool/internal/analysis/analysis_report.go:155.2,155.12 1 2
github.com/sonar-solutions/sonar-migration-tool/internal/analysis/analysis_report.go:158.55,160.17 2 24
github.com/sonar-solutions/sonar-migration-tool/internal/analysis/analysis_report.go:160.17,162.3 1 1
github.com/sonar-solutions/sonar-migration-tool/internal/analysis/analysis_report.go:163.2,163.41 1 23
github.com/sonar-solutions/sonar-migration-tool/internal/analysis/analysis_report.go:163.41,164.43 1 50
github.com/sonar-solutions/sonar-migration-tool/internal/analysis/analysis_report.go:164.43,165.42 1 22
github.com/sonar-solutions/sonar-migration-tool/internal/analysis/analysis_report.go:165.42,167.5 1 22
github.com/sonar-solutions/sonar-migration-tool/internal/analysis/analysis_report.go:170.2,170.11 1 1
github.com/sonar-solutions/sonar-migration-tool/internal/analysis/analysis_report.go:173.57,175.17 2 17
github.com/sonar-solutions/sonar-migration-tool/internal/analysis/analysis_report.go:175.17,177.3 1 1
github.com/sonar-solutions/sonar-migration-tool/internal/analysis/analysis_report.go:178.2,178.39 1 16
github.com/sonar-solutions/sonar-migration-tool/internal/analysis/analysis_report.go:178.39,179.30 1 10
github.com/sonar-solutions/sonar-migration-tool/internal/analysis/analysis_report.go:179.30,181.4 1 10
github.com/sonar-solutions/sonar-migration-tool/internal/analysis/analysis_report.go:183.2,183.11 1 6
github.com/sonar-solutions/sonar-migration-tool/internal/analysis/analysis_report.go:186.57,188.24 2 8
github.com/sonar-solutions/sonar-migration-tool/internal/analysis/analysis_report.go:188.24,190.3 1 3
github.com/sonar-solutions/sonar-migration-tool/internal/analysis/analysis_report.go:191.2,191.24 1 8
github.com/sonar-solutions/sonar-migration-tool/internal/analysis/analysis_report.go:191.24,193.3 1 2
github.com/sonar-solutions/sonar-migration-tool/internal/analysis/analysis_report.go:194.2,194.44 1 6
github.com/sonar-solutions/sonar-migration-tool/internal/analysis/analysis_report.go:197.45,198.25 1 6
github.com/sonar-solutions/sonar-migration-tool/internal/analysis/analysis_report.go:199.22,200.26 1 1
github.com/sonar-solutions/sonar-migration-tool/internal/analysis/analysis_report.go:201.14,202.14 1 5
github.com/sonar-solutions/sonar-migration-tool/internal/analysis/analysis_report.go:202.14,204.4 1 0
github.com/sonar-solutions/sonar-migration-tool/internal/analysis/analysis_report.go:205.3,206.48 2 5
github.com/sonar-solutions/sonar-migration-tool/internal/analysis/analysis_report.go:206.48,208.4 1 4
github.com/sonar-solutions/sonar-migration-tool/internal/analysis/analysis_report.go:210.2,210.11 1 1
github.com/sonar-solutions/sonar-migration-tool/internal/analysis/analysis_report.go:213.47,215.9 2 5
github.com/sonar-solutions/sonar-migration-tool/internal/analysis/analysis_report.go:215.9,217.3 1 0
github.com/sonar-solutions/sonar-migration-tool/internal/analysis/analysis_report.go:218.2,219.9 2 5
github.com/sonar-solutions/sonar-migration-tool/internal/analysis/analysis_report.go:219.9,221.3 1 0
github.com/sonar-solutions/sonar-migration-tool/internal/analysis/analysis_report.go:222.2,223.24 2 5
github.com/sonar-solutions/sonar-migration-tool/internal/analysis/analysis_report.go:223.24,224.39 1 6
github.com/sonar-solutions/sonar-migration-tool/internal/analysis/analysis_report.go:224.39,225.54 1 6
github.com/sonar-solutions/sonar-migration-tool/internal/analysis/analysis_report.go:225.54,227.5 1 6
github.com/sonar-solutions/sonar-migration-tool/internal/analysis/analysis_report.go:230.2,230.33 1 5
github.com/sonar-solutions/sonar-migration-tool/internal/analysis/analysis_report.go:233.64,234.48 1 19
github.com/sonar-solutions/sonar-migration-tool/internal/analysis/analysis_report.go:234.48,235.22 1 15
github.com/sonar-solutions/sonar-migration-tool/internal/analysis/analysis_report.go:235.22,237.4 1 12
github.com/sonar-solutions/sonar-migration-tool/internal/analysis/analysis_report.go:238.3,238.19 1 3
github.com/sonar-solutions/sonar-migration-tool/internal/analysis/analysis_report.go:240.2,240.28 1 4
github.com/sonar-solutions/sonar-migration-tool/internal/analysis/analysis_report.go:240.28,242.3 1 2
github.com/sonar-solutions/sonar-migration-tool/internal/analysis/analysis_report.go:243.2,243.18 1 2
github.com/sonar-solutions/sonar-migration-tool/internal/analysis/analysis_report.go:246.39,247.23 1 32
github.com/sonar-solutions/sonar-migration-tool/internal/analysis/analysis_report.go:248.15,249.17 1 27
github.com/sonar-solutions/sonar-migration-tool/internal/analysis/analysis_report.go:250.11,251.26 1 0
github.com/sonar-solutions/sonar-migration-tool/internal/analysis/analysis_report.go:252.11,253.18 1 5
github.com/sonar-solutions/sonar-migration-tool/internal/analysis/analysis_report.go:255.2,255.17 1 0
github.com/sonar-solutions/sonar-migration-tool/internal/analysis/analysis_report.go:258.52,259.55 1 15
github.com/sonar-solutions/sonar-migration-tool/internal/analysis/analysis_report.go:259.55,261.3 1 1
github.com/sonar-solutions/sonar-migration-tool/internal/analysis/analysis_report.go:262.2,263.9 2 14
github.com/sonar-solutions/sonar-migration-tool/internal/analysis/analysis_report.go:263.9,265.3 1 0
github.com/sonar-solutions/sonar-migration-tool/internal/analysis/analysis_report.go:266.2,266.38 1 14
github.com/sonar-solutions/sonar-migration-tool/internal/analysis/analysis_report.go:266.38,268.3 1 1
github.com/sonar-solutions/sonar-migration-tool/internal/analysis/analysis_report.go:270.2,276.26 6 13
github.com/sonar-solutions/sonar-migration-tool/internal/analysis/analysis_report.go:276.26,278.3 1 2
github.com/sonar-solutions/sonar-migration-tool/internal/analysis/analysis_report.go:280.2,281.40 2 13
github.com/sonar-solutions/sonar-migration-tool/internal/analysis/analysis_report.go:281.40,283.3 1 12
github.com/sonar-solutions/sonar-migration-tool/internal/analysis/analysis_report.go:285.2,293.3 1 13
github.com/sonar-solutions/sonar-migration-tool/internal/analysis/analysis_report.go:296.47,297.25 1 55
github.com/sonar-solutions/sonar-migration-tool/internal/analysis/analysis_report.go:297.25,298.30 1 55
github.com/sonar-solutions/sonar-migration-tool/internal/analysis/analysis_report.go:298.30,300.4 1 55
github.com/sonar-solutions/sonar-migration-tool/internal/analysis/analysis_report.go:302.2,302.11 1 0
github.com/sonar-solutions/sonar-migration-tool/internal/common/edition.go:23.48,25.51 2 12
github.com/sonar-solutions/sonar-migration-tool/internal/common/edition.go:25.51,27.3 1 1
github.com/sonar-solutions/sonar-migration-tool/internal/common/edition.go:30.2,30.55 1 11
github.com/sonar-solutions/sonar-migration-tool/internal/common/edition.go:30.55,32.3 1 5
github.com/sonar-solutions/sonar-migration-tool/internal/common/edition.go:35.2,35.38 1 6
github.com/sonar-solutions/sonar-migration-tool/internal/common/edition.go:35.38,37.42 2 4
github.com/sonar-solutions/sonar-migration-tool/internal/common/edition.go:37.42,38.56 1 4
github.com/sonar-solutions/sonar-migration-tool/internal/common/edition.go:38.56,40.5 1 4
github.com/sonar-solutions/sonar-migration-tool/internal/common/edition.go:44.2,44.25 1 2
github.com/sonar-solutions/sonar-migration-tool/internal/common/edition.go:48.62,49.16 1 15
github.com/sonar-solutions/sonar-migration-tool/internal/common/edition.go:49.16,51.3 1 5
github.com/sonar-solutions/sonar-migration-tool/internal/common/edition.go:52.2,53.36 2 10
github.com/sonar-solutions/sonar-migration-tool/internal/common/edition.go:53.36,55.3 1 0
github.com/sonar-solutions/sonar-migration-tool/internal/common/edition.go:56.2,57.12 2 10
github.com/sonar-solutions/sonar-migration-tool/internal/common/edition.go:58.80,59.18 1 9
github.com/sonar-solutions/sonar-migration-tool/internal/common/edition.go:61.2,61.18 1 1
github.com/sonar-solutions/sonar-migration-tool/internal/common/helpers.go:10.63,11.9 1 0
github.com/sonar-solutions/sonar-migration-tool/internal/common/helpers.go:12.25,13.13 1 0
github.com/sonar-solutions/sonar-migration-tool/internal/common/helpers.go:14.20,15.19 1 0
github.com/sonar-solutions/sonar-migration-tool/internal/common/helpers.go:20.78,22.50 2 1
github.com/sonar-solutions/sonar-migration-tool/internal/common/helpers.go:22.50,24.3 1 0
github.com/sonar-solutions/sonar-migration-tool/internal/common/helpers.go:25.2,25.29 1 1
github.com/sonar-solutions/sonar-migration-tool/internal/common/helpers.go:25.29,28.3 2 1
github.com/sonar-solutions/sonar-migration-tool/internal/common/helpers.go:29.2,30.15 2 1
github.com/sonar-solutions/sonar-migration-tool/internal/common/helpers.go:34.84,36.29 2 0
github.com/sonar-solutions/sonar-migration-tool/internal/common/helpers.go:36.29,38.3 1 0
github.com/sonar-solutions/sonar-migration-tool/internal/common/helpers.go:39.2,39.12 1 0
github.com/sonar-solutions/sonar-migration-tool/internal/common/helpers.go:43.59,45.50 2 2
github.com/sonar-solutions/sonar-migration-tool/internal/common/helpers.go:45.50,47.3 1 0
github.com/sonar-solutions/sonar-migration-tool/internal/common/helpers.go:48.2,49.9 2 2
github.com/sonar-solutions/sonar-migration-tool/internal/common/helpers.go:49.9,51.3 1 1
github.com/sonar-solutions/sonar-migration-tool/internal/common/helpers.go:52.2,53.48 2 1
github.com/sonar-solutions/sonar-migration-tool/internal/common/helpers.go:53.48,55.3 1 0
github.com/sonar-solutions/sonar-migration-tool/internal/common/helpers.go:56.2,56.10 1 1
github.com/sonar-solutions/sonar-migration-tool/internal/common/helpers.go:60.56,62.50 2 3
github.com/sonar-solutions/sonar-migration-tool/internal/common/helpers.go:62.50,64.3 1 0
github.com/sonar-solutions/sonar-migration-tool/internal/common/helpers.go:65.2,66.9 2 3
github.com/sonar-solutions/sonar-migration-tool/internal/common/helpers.go:66.9,68.3 1 1
github.com/sonar-solutions/sonar-migration-tool/internal/common/helpers.go:69.2,70.48 2 2
github.com/sonar-solutions/sonar-migration-tool/internal/common/helpers.go:70.48,72.3 1 0
github.com/sonar-solutions/sonar-migration-tool/internal/common/helpers.go:73.2,73.10 1 2
github.com/sonar-solutions/sonar-migration-tool/internal/common/helpers.go:83.69,84.26 1 4
github.com/sonar-solutions/sonar-migration-tool/internal/common/helpers.go:84.26,86.3 1 2
github.com/sonar-solutions/sonar-migration-tool/internal/common/helpers.go:87.2,90.35 4 2
github.com/sonar-solutions/sonar-migration-tool/internal/common/helpers.go:90.35,91.30 1 5
github.com/sonar-solutions/sonar-migration-tool/internal/common/helpers.go:91.30,93.28 2 9
github.com/sonar-solutions/sonar-migration-tool/internal/common/helpers.go:93.28,95.5 1 6
github.com/sonar-solutions/sonar-migration-tool/internal/common/helpers.go:96.4,97.30 2 9
github.com/sonar-solutions/sonar-migration-tool/internal/common/helpers.go:100.2,100.15 1 2
github.com/sonar-solutions/sonar-migration-tool/internal/common/planner.go:18.89,20.29 2 1
github.com/sonar-solutions/sonar-migration-tool/internal/common/planner.go:20.29,22.53 2 3
github.com/sonar-solutions/sonar-migration-tool/internal/common/planner.go:22.53,24.4 1 2
github.com/sonar-solutions/sonar-migration-tool/internal/common/planner.go:26.2,26.12 1 1
github.com/sonar-solutions/sonar-migration-tool/internal/common/planner.go:31.97,33.28 2 2
github.com/sonar-solutions/sonar-migration-tool/internal/common/planner.go:33.28,34.38 1 2
github.com/sonar-solutions/sonar-migration-tool/internal/common/planner.go:34.38,36.4 1 1
github.com/sonar-solutions/sonar-migration-tool/internal/common/planner.go:38.2,38.15 1 1
github.com/sonar-solutions/sonar-migration-tool/internal/common/planner.go:41.91,42.16 1 5
github.com/sonar-solutions/sonar-migration-tool/internal/common/planner.go:42.16,44.3 1 0
github.com/sonar-solutions/sonar-migration-tool/internal/common/planner.go:45.2,46.9 2 5
github.com/sonar-solutions/sonar-migration-tool/internal/common/planner.go:46.9,48.3 1 1
github.com/sonar-solutions/sonar-migration-tool/internal/common/planner.go:49.2,50.37 2 4
github.com/sonar-solutions/sonar-migration-tool/internal/common/planner.go:50.37,51.38 1 3
github.com/sonar-solutions/sonar-migration-tool/internal/common/planner.go:51.38,54.4 2 1
github.com/sonar-solutions/sonar-migration-tool/internal/common/planner.go:56.2,56.13 1 3
github.com/sonar-solutions/sonar-migration-tool/internal/common/planner.go:60.97,64.34 3 2
github.com/sonar-solutions/sonar-migration-tool/internal/common/planner.go:64.34,66.22 2 4
github.com/sonar-solutions/sonar-migration-tool/internal/common/planner.go:66.22,68.4 1 1
github.com/sonar-solutions/sonar-migration-tool/internal/common/planner.go:69.3,71.27 3 3
github.com/sonar-solutions/sonar-migration-tool/internal/common/planner.go:71.27,73.4 1 4
github.com/sonar-solutions/sonar-migration-tool/internal/common/planner.go:75.2,75.18 1 1
github.com/sonar-solutions/sonar-migration-tool/internal/common/planner.go:79.113,81.26 2 4
github.com/sonar-solutions/sonar-migration-tool/internal/common/planner.go:81.26,82.22 1 14
github.com/sonar-solutions/sonar-migration-tool/internal/common/planner.go:82.22,83.12 1 4
github.com/sonar-solutions/sonar-migration-tool/internal/common/planner.go:85.3,85.45 1 10
github.com/sonar-solutions/sonar-migration-tool/internal/common/planner.go:85.45,87.4 1 4
github.com/sonar-solutions/sonar-migration-tool/internal/common/planner.go:89.2,89.14 1 4
github.com/sonar-solutions/sonar-migration-tool/internal/common/planner.go:93.74,94.37 1 10
github.com/sonar-solutions/sonar-migration-tool/internal/common/planner.go:94.37,95.22 1 10
github.com/sonar-solutions/sonar-migration-tool/internal/common/planner.go:95.22,97.4 1 6
github.com/sonar-solutions/sonar-migration-tool/internal/common/planner.go:99.2,99.13 1 4
github.com/sonar-solutions/sonar-migration-tool/internal/common/rawclient.go:23.36,25.2 1 0
github.com/sonar-solutions/sonar-migration-tool/internal/common/rawclient.go:28.48,30.26 2 0
github.com/sonar-solutions/sonar-migration-tool/internal/common/rawclient.go:30.26,32.3 1 0
github.com/sonar-solutions/sonar-migration-tool/internal/common/rawclient.go:33.2,33.26 1 0
github.com/sonar-solutions/sonar-migration-tool/internal/common/rawclient.go:33.26,34.25 1 0
github.com/sonar-solutions/sonar-migration-tool/internal/common/rawclient.go:34.25,36.4 1 0
github.com/sonar-solutions/sonar-migration-tool/internal/common/rawclient.go:38.2,38.14 1 0
github.com/sonar-solutions/sonar-migration-tool/internal/common/rawclient.go:49.71,51.2 1 0
github.com/sonar-solutions/sonar-migration-tool/internal/common/rawclient.go:54.38,56.2 1 0
github.com/sonar-solutions/sonar-migration-tool/internal/common/rawclient.go:59.103,61.16 2 0
github.com/sonar-solutions/sonar-migration-tool/internal/common/rawclient.go:61.16,63.3 1 0
github.com/sonar-solutions/sonar-migration-tool/internal/common/rawclient.go:64.2,64.37 1 0
github.com/sonar-solutions/sonar-migration-tool/internal/common/rawclient.go:64.37,66.3 1 0
github.com/sonar-solutions/sonar-migration-tool/internal/common/rawclient.go:67.2,67.35 1 0
github.com/sonar-solutions/sonar-migration-tool/internal/common/rawclient.go:71.121,73.16 2 0
github.com/sonar-solutions/sonar-migration-tool/internal/common/rawclient.go:73.16,75.3 1 0
github.com/sonar-solutions/sonar-migration-tool/internal/common/rawclient.go:76.2,76.38 1 0
github.com/sonar-solutions/sonar-migration-tool/internal/common/rawclient.go:80.97,82.2 1 0
github.com/sonar-solutions/sonar-migration-tool/internal/common/rawclient.go:96.41,97.23 1 0
github.com/sonar-solutions/sonar-migration-tool/internal/common/rawclient.go:97.23,99.3 1 0
github.com/sonar-solutions/sonar-migration-tool/internal/common/rawclient.go:100.2,100.23 1 0
github.com/sonar-solutions/sonar-migration-tool/internal/common/rawclient.go:100.23,102.3 1 0
github.com/sonar-solutions/sonar-migration-tool/internal/common/rawclient.go:103.2,103.24 1 0
github.com/sonar-solutions/sonar-migration-tool/internal/common/rawclient.go:103.24,105.3 1 0
github.com/sonar-solutions/sonar-migration-tool/internal/common/rawclient.go:106.2,106.22 1 0
github.com/sonar-solutions/sonar-migration-tool/internal/common/rawclient.go:106.22,108.3 1 0
github.com/sonar-solutions/sonar-migration-tool/internal/common/rawclient.go:112.102,120.16 6 0
github.com/sonar-solutions/sonar-migration-tool/internal/common/rawclient.go:120.16,122.3 1 0
github.com/sonar-solutions/sonar-migration-tool/internal/common/rawclient.go:123.2,124.16 2 0
github.com/sonar-solutions/sonar-migration-tool/internal/common/rawclient.go:124.16,126.3 1 0
github.com/sonar-solutions/sonar-migration-tool/internal/common/rawclient.go:127.2,129.50 3 0
github.com/sonar-solutions/sonar-migration-tool/internal/common/rawclient.go:129.50,131.3 1 0
github.com/sonar-solutions/sonar-migration-tool/internal/common/rawclient.go:133.2,136.39 3 0
github.com/sonar-solutions/sonar-migration-tool/internal/common/rawclient.go:136.39,137.35 1 0
github.com/sonar-solutions/sonar-migration-tool/internal/common/rawclient.go:137.35,139.4 1 0
github.com/sonar-solutions/sonar-migration-tool/internal/common/rawclient.go:140.3,144.17 5 0
github.com/sonar-solutions/sonar-migration-tool/internal/common/rawclient.go:144.17,146.4 1 0
github.com/sonar-solutions/sonar-migration-tool/internal/common/rawclient.go:147.3,148.17 2 0
github.com/sonar-solutions/sonar-migration-tool/internal/common/rawclient.go:148.17,150.4 1 0
github.com/sonar-solutions/sonar-migration-tool/internal/common/rawclient.go:151.3,151.34 1 0
github.com/sonar-solutions/sonar-migration-tool/internal/common/rawclient.go:153.2,153.17 1 0
github.com/sonar-solutions/sonar-migration-tool/internal/common/rawclient.go:156.96,159.16 3 0
github.com/sonar-solutions/sonar-migration-tool/internal/common/rawclient.go:159.16,161.3 1 0
github.com/sonar-solutions/sonar-migration-tool/internal/common/rawclient.go:162.2,162.21 1 0
github.com/sonar-solutions/sonar-migration-tool/internal/common/rawclient.go:162.21,164.3 1 0
github.com/sonar-solutions/sonar-migration-tool/internal/common/rawclient.go:165.2,166.16 2 0
github.com/sonar-solutions/sonar-migration-tool/internal/common/rawclient.go:166.16,168.3 1 0
github.com/sonar-solutions/sonar-migration-tool/internal/common/rawclient.go:169.2,171.16 3 0
github.com/sonar-solutions/sonar-migration-tool/internal/common/rawclient.go:171.16,173.3 1 0
github.com/sonar-solutions/sonar-migration-tool/internal/common/rawclient.go:174.2,174.28 1 0
github.com/sonar-solutions/sonar-migration-tool/internal/common/rawclient.go:174.28,181.3 1 0
github.com/sonar-solutions/sonar-migration-tool/internal/common/rawclient.go:182.2,182.18 1 0
github.com/sonar-solutions/sonar-migration-tool/internal/common/rawclient.go:186.71,188.37 1 1
github.com/sonar-solutions/sonar-migration-tool/internal/common/rawclient.go:188.37,190.3 1 0
github.com/sonar-solutions/sonar-migration-tool/internal/common/rawclient.go:191.2,191.15 1 1
github.com/sonar-solutions/sonar-migration-tool/internal/common/rawclient.go:191.15,193.52 2 0
github.com/sonar-solutions/sonar-migration-tool/internal/common/rawclient.go:193.52,195.4 1 0
github.com/sonar-solutions/sonar-migration-tool/internal/common/rawclient.go:196.3,196.18 1 0
github.com/sonar-solutions/sonar-migration-tool/internal/common/rawclient.go:198.2,199.51 2 1
github.com/sonar-solutions/sonar-migration-tool/internal/common/rawclient.go:199.51,201.3 1 0
github.com/sonar-solutions/sonar-migration-tool/internal/common/rawclient.go:202.2,203.9 2 1
github.com/sonar-solutions/sonar-migration-tool/internal/common/rawclient.go:203.9,205.3 1 0
github.com/sonar-solutions/sonar-migration-tool/internal/common/rawclient.go:206.2,207.50 2 1
github.com/sonar-solutions/sonar-migration-tool/internal/common/rawclient.go:207.50,212.39 2 0
github.com/sonar-solutions/sonar-migration-tool/internal/common/rawclient.go:212.39,214.4 1 0
github.com/sonar-solutions/sonar-migration-tool/internal/common/rawclient.go:215.3,215.72 1 0
github.com/sonar-solutions/sonar-migration-tool/internal/common/rawclient.go:217.2,217.17 1 1
github.com/sonar-solutions/sonar-migration-tool/internal/common/rawclient.go:221.52,223.51 2 1
github.com/sonar-solutions/sonar-migration-tool/internal/common/rawclient.go:223.51,225.3 1 0
github.com/sonar-solutions/sonar-migration-tool/internal/common/rawclient.go:226.2,228.29 3 1
github.com/sonar-solutions/sonar-migration-tool/internal/common/rawclient.go:228.29,230.10 2 2
github.com/sonar-solutions/sonar-migration-tool/internal/common/rawclient.go:230.10,232.4 1 0
github.com/sonar-solutions/sonar-migration-tool/internal/common/rawclient.go:233.3,233.24 1 2
github.com/sonar-solutions/sonar-migration-tool/internal/common/rawclient.go:233.24,235.50 2 1
github.com/sonar-solutions/sonar-migration-tool/internal/common/rawclient.go:235.50,237.5 1 0
github.com/sonar-solutions/sonar-migration-tool/internal/common/rawclient.go:238.4,238.12 1 1
github.com/sonar-solutions/sonar-migration-tool/internal/common/rawclient.go:240.3,240.55 1 1
github.com/sonar-solutions/sonar-migration-tool/internal/common/rawclient.go:240.55,242.4 1 0
github.com/sonar-solutions/sonar-migration-tool/internal/common/rawclient.go:244.2,244.10 1 0
github.com/sonar-solutions/sonar-migration-tool/internal/common/rawclient.go:248.41,251.22 3 1
github.com/sonar-solutions/sonar-migration-tool/internal/common/rawclient.go:251.22,252.21 1 12
github.com/sonar-solutions/sonar-migration-tool/internal/common/rawclient.go:252.21,253.17 1 1
github.com/sonar-solutions/sonar-migration-tool/internal/common/rawclient.go:253.17,255.5 1 1
github.com/sonar-solutions/sonar-migration-tool/internal/common/rawclient.go:256.4,256.17 1 1
github.com/sonar-solutions/sonar-migration-tool/internal/common/rawclient.go:259.2,259.23 1 1
github.com/sonar-solutions/sonar-migration-tool/internal/common/rawclient.go:259.23,261.3 1 1
github.com/sonar-solutions/sonar-migration-tool/internal/common/rawclient.go:262.2,262.14 1 1
github.com/sonar-solutions/sonar-migration-tool/internal/common/rawclient.go:266.42,267.33 1 4
github.com/sonar-solutions/sonar-migration-tool/internal/common/rawclient.go:267.33,269.3 1 1
github.com/sonar-solutions/sonar-migration-tool/internal/common/rawclient.go:270.2,270.59 1 3
github.com/sonar-solutions/sonar-migration-tool/internal/common/rawclient.go:274.43,276.22 2 0
github.com/sonar-solutions/sonar-migration-tool/internal/common/rawclient.go:276.22,278.3 1 0
github.com/sonar-solutions/sonar-migration-tool/internal/common/rawclient.go:279.2,279.12 1 0
github.com/sonar-solutions/sonar-migration-tool/internal/common/rawclient.go:283.44,284.22 1 2
github.com/sonar-solutions/sonar-migration-tool/internal/common/rawclient.go:284.22,286.3 1 1
github.com/sonar-solutions/sonar-migration-tool/internal/common/rawclient.go:287.2,287.35 1 1
github.com/sonar-solutions/sonar-migration-tool/internal/common/store.go:21.46,26.2 1 3
github.com/sonar-solutions/sonar-migration-tool/internal/common/store.go:29.39,31.2 1 0
github.com/sonar-solutions/sonar-migration-tool/internal/common/store.go:34.68,36.2 1 1
github.com/sonar-solutions/sonar-migration-tool/internal/common/store.go:39.74,42.16 3 1
github.com/sonar-solutions/sonar-migration-tool/internal/common/store.go:42.16,43.25 1 0
github.com/sonar-solutions/sonar-migration-tool/internal/common/store.go:43.25,45.4 1 0
github.com/sonar-solutions/sonar-migration-tool/internal/common/store.go:46.3,46.62 1 0
github.com/sonar-solutions/sonar-migration-tool/internal/common/store.go:48.2,49.32 2 1
github.com/sonar-solutions/sonar-migration-tool/internal/common/store.go:49.32,50.66 1 1
github.com/sonar-solutions/sonar-migration-tool/internal/common/store.go:50.66,51.12 1 0
github.com/sonar-solutions/sonar-migration-tool/internal/common/store.go:53.3,54.17 2 1
github.com/sonar-solutions/sonar-migration-tool/internal/common/store.go:54.17,56.4 1 0
github.com/sonar-solutions/sonar-migration-tool/internal/common/store.go:57.3,57.30 1 1
github.com/sonar-solutions/sonar-migration-tool/internal/common/store.go:59.2,59.17 1 1
github.com/sonar-solutions/sonar-migration-tool/internal/common/store.go:63.60,65.16 2 1
github.com/sonar-solutions/sonar-migration-tool/internal/common/store.go:65.16,67.3 1 0
github.com/sonar-solutions/sonar-migration-tool/internal/common/store.go:68.2,72.21 5 1
github.com/sonar-solutions/sonar-migration-tool/internal/common/store.go:72.21,74.17 2 2
github.com/sonar-solutions/sonar-migration-tool/internal/common/store.go:74.17,75.12 1 0
github.com/sonar-solutions/sonar-migration-tool/internal/common/store.go:77.3,77.47 1 2
github.com/sonar-solutions/sonar-migration-tool/internal/common/store.go:79.2,79.29 1 1
github.com/sonar-solutions/sonar-migration-tool/internal/common/store.go:83.52,87.2 3 1
github.com/sonar-solutions/sonar-migration-tool/internal/common/store.go:90.55,94.2 3 2
github.com/sonar-solutions/sonar-migration-tool/internal/common/store.go:98.58,101.2 2 2
github.com/sonar-solutions/sonar-migration-tool/internal/common/writer.go:21.59,22.52 1 2
github.com/sonar-solutions/sonar-migration-tool/internal/common/writer.go:22.52,24.3 1 0
github.com/sonar-solutions/sonar-migration-tool/internal/common/writer.go:25.2,25.40 1 2
github.com/sonar-solutions/sonar-migration-tool/internal/common/writer.go:30.67,31.23 1 11
github.com/sonar-solutions/sonar-migration-tool/internal/common/writer.go:31.23,33.3 1 0
github.com/sonar-solutions/sonar-migration-tool/internal/common/writer.go:34.2,37.16 4 11
github.com/sonar-solutions/sonar-migration-tool/internal/common/writer.go:37.16,39.3 1 0
github.com/sonar-solutions/sonar-migration-tool/internal/common/writer.go:40.2,41.30 2 11
github.com/sonar-solutions/sonar-migration-tool/internal/common/writer.go:41.30,42.41 1 12
github.com/sonar-solutions/sonar-migration-tool/internal/common/writer.go:42.41,44.4 1 0
github.com/sonar-solutions/sonar-migration-tool/internal/common/writer.go:45.3,45.48 1 12
github.com/sonar-solutions/sonar-migration-tool/internal/common/writer.go:45.48,47.4 1 0
github.com/sonar-solutions/sonar-migration-tool/internal/common/writer.go:49.2,49.12 1 11
github.com/sonar-solutions/sonar-migration-tool/internal/common/writer.go:53.59,55.2 1 10
github.com/sonar-solutions/sonar-migration-tool/internal/report/helpers.go:11.58,13.50 2 4
github.com/sonar-solutions/sonar-migration-tool/internal/report/helpers.go:13.50,15.3 1 1
github.com/sonar-solutions/sonar-migration-tool/internal/report/helpers.go:16.2,16.12 1 3
github.com/sonar-solutions/sonar-migration-tool/internal/report/helpers.go:21.97,23.16 2 2
github.com/sonar-solutions/sonar-migration-tool/internal/report/helpers.go:23.16,25.3 1 0
github.com/sonar-solutions/sonar-migration-tool/internal/report/helpers.go:26.2,27.29 2 2
github.com/sonar-solutions/sonar-migration-tool/internal/report/helpers.go:27.29,30.21 3 1
github.com/sonar-solutions/sonar-migration-tool/internal/report/helpers.go:30.21,32.4 1 1
github.com/sonar-solutions/sonar-migration-tool/internal/report/helpers.go:34.2,34.14 1 2
github.com/sonar-solutions/sonar-migration-tool/internal/report/helpers.go:38.70,39.34 1 2
github.com/sonar-solutions/sonar-migration-tool/internal/report/helpers.go:39.34,41.3 1 1
github.com/sonar-solutions/sonar-migration-tool/internal/report/helpers.go:42.2,42.12 1 1
github.com/sonar-solutions/sonar-migration-tool/internal/report/jsonpath.go:11.65,12.16 1 30
github.com/sonar-solutions/sonar-migration-tool/internal/report/jsonpath.go:12.16,14.3 1 2
github.com/sonar-solutions/sonar-migration-tool/internal/report/jsonpath.go:15.2,16.51 2 28
github.com/sonar-solutions/sonar-migration-tool/internal/report/jsonpath.go:20.47,21.39 1 28
github.com/sonar-solutions/sonar-migration-tool/internal/report/jsonpath.go:21.39,22.35 1 28
github.com/sonar-solutions/sonar-migration-tool/internal/report/jsonpath.go:22.35,24.4 1 13
github.com/sonar-solutions/sonar-migration-tool/internal/report/jsonpath.go:26.2,26.33 1 15
github.com/sonar-solutions/sonar-migration-tool/internal/report/jsonpath.go:30.70,31.38 1 41
github.com/sonar-solutions/sonar-migration-tool/internal/report/jsonpath.go:31.38,33.3 1 0
github.com/sonar-solutions/sonar-migration-tool/internal/report/jsonpath.go:35.2,39.16 4 41
github.com/sonar-solutions/sonar-migration-tool/internal/report/jsonpath.go:39.16,41.3 1 1
github.com/sonar-solutions/sonar-migration-tool/internal/report/jsonpath.go:42.2,42.19 1 40
github.com/sonar-solutions/sonar-migration-tool/internal/report/jsonpath.go:42.19,44.3 1 13
github.com/sonar-solutions/sonar-migration-tool/internal/report/jsonpath.go:45.2,45.12 1 27
github.com/sonar-solutions/sonar-migration-tool/internal/report/jsonpath.go:49.62,50.16 1 41
github.com/sonar-solutions/sonar-migration-tool/internal/report/jsonpath.go:50.16,52.3 1 2
github.com/sonar-solutions/sonar-migration-tool/internal/report/jsonpath.go:53.2,53.39 1 39
github.com/sonar-solutions/sonar-migration-tool/internal/report/jsonpath.go:53.39,54.34 1 35
github.com/sonar-solutions/sonar-migration-tool/internal/report/jsonpath.go:54.34,56.4 1 30
github.com/sonar-solutions/sonar-migration-tool/internal/report/jsonpath.go:57.3,57.20 1 5
github.com/sonar-solutions/sonar-migration-tool/internal/report/jsonpath.go:59.2,59.33 1 4
github.com/sonar-solutions/sonar-migration-tool/internal/report/jsonpath.go:59.33,61.3 1 4
github.com/sonar-solutions/sonar-migration-tool/internal/report/jsonpath.go:62.2,62.19 1 0
github.com/sonar-solutions/sonar-migration-tool/internal/report/jsonpath.go:66.69,67.47 1 4
github.com/sonar-solutions/sonar-migration-tool/internal/report/jsonpath.go:67.47,68.33 1 3
github.com/sonar-solutions/sonar-migration-tool/internal/report/jsonpath.go:68.33,70.4 1 2
github.com/sonar-solutions/sonar-migration-tool/internal/report/jsonpath.go:71.3,71.20 1 1
github.com/sonar-solutions/sonar-migration-tool/internal/report/jsonpath.go:74.2,75.27 2 1
github.com/sonar-solutions/sonar-migration-tool/internal/report/jsonpath.go:75.27,77.15 2 2
github.com/sonar-solutions/sonar-migration-tool/internal/report/jsonpath.go:77.15,79.4 1 2
github.com/sonar-solutions/sonar-migration-tool/internal/report/jsonpath.go:81.2,81.22 1 1
github.com/sonar-solutions/sonar-migration-tool/internal/report/jsonpath.go:81.22,83.3 1 0
github.com/sonar-solutions/sonar-migration-tool/internal/report/jsonpath.go:84.2,84.15 1 1
github.com/sonar-solutions/sonar-migration-tool/internal/report/jsonpath.go:87.35,88.30 1 4
github.com/sonar-solutions/sonar-migration-tool/internal/report/jsonpath.go:88.30,90.3 1 4
github.com/sonar-solutions/sonar-migration-tool/internal/report/jsonpath.go:91.2,91.19 1 0
github.com/sonar-solutions/sonar-migration-tool/internal/report/jsonpath.go:94.38,95.14 1 0
github.com/sonar-solutions/sonar-migration-tool/internal/report/jsonpath.go:95.14,97.3 1 0
github.com/sonar-solutions/sonar-migration-tool/internal/report/jsonpath.go:98.2,98.10 1 0
github.com/sonar-solutions/sonar-migration-tool/internal/report/jsonpath.go:104.49,106.14 2 4
github.com/sonar-solutions/sonar-migration-tool/internal/report/jsonpath.go:106.14,108.3 1 2
github.com/sonar-solutions/sonar-migration-tool/internal/report/jsonpath.go:109.2,109.29 1 2
github.com/sonar-solutions/sonar-migration-tool/internal/report/jsonpath.go:113.45,115.27 2 3
github.com/sonar-solutions/sonar-migration-tool/internal/report/jsonpath.go:115.27,117.3 1 3
github.com/sonar-solutions/sonar-migration-tool/internal/report/jsonpath.go:118.2,118.14 1 0
github.com/sonar-solutions/sonar-migration-tool/internal/report/jsonpath.go:122.69,124.23 2 4
github.com/sonar-solutions/sonar-migration-tool/internal/report/jsonpath.go:125.15,126.11 1 3
github.com/sonar-solutions/sonar-migration-tool/internal/report/jsonpath.go:127.11,128.20 1 0
github.com/sonar-solutions/sonar-migration-tool/internal/report/jsonpath.go:129.14,130.54 1 1
github.com/sonar-solutions/sonar-migration-tool/internal/report/jsonpath.go:130.54,132.4 1 1
github.com/sonar-solutions/sonar-migration-tool/internal/report/jsonpath.go:134.2,134.19 1 0
github.com/sonar-solutions/sonar-migration-tool/internal/report/jsonpath.go:138.59,140.23 2 4
github.com/sonar-solutions/sonar-migration-tool/internal/report/jsonpath.go:141.15,142.16 1 2
github.com/sonar-solutions/sonar-migration-tool/internal/report/jsonpath.go:143.11,144.11 1 1
github.com/sonar-solutions/sonar-migration-tool/internal/report/jsonpath.go:145.14,146.44 1 1
github.com/sonar-solutions/sonar-migration-tool/internal/report/jsonpath.go:146.44,148.4 1 1
github.com/sonar-solutions/sonar-migration-tool/internal/report/jsonpath.go:150.2,150.19 1 0
github.com/sonar-solutions/sonar-migration-tool/internal/report/jsonpath.go:154.54,156.45 2 0
github.com/sonar-solutions/sonar-migration-tool/internal/report/jsonpath.go:156.45,158.3 1 0
github.com/sonar-solutions/sonar-migration-tool/internal/report/jsonpath.go:159.2,159.40 1 0
github.com/sonar-solutions/sonar-migration-tool/internal/report/jsonpath.go:162.59,163.24 1 0
github.com/sonar-solutions/sonar-migration-tool/internal/report/jsonpath.go:163.24,165.3 1 0
github.com/sonar-solutions/sonar-migration-tool/internal/report/jsonpath.go:166.2,169.39 3 0
github.com/sonar-solutions/sonar-migration-tool/internal/report/jsonpath.go:169.39,171.3 1 0
github.com/sonar-solutions/sonar-migration-tool/internal/report/jsonpath.go:172.2,172.32 1 0
github.com/sonar-solutions/sonar-migration-tool/internal/report/jsonpath.go:172.32,174.3 1 0
github.com/sonar-solutions/sonar-migration-tool/internal/report/jsonpath.go:175.2,175.12 1 0
github.com/sonar-solutions/sonar-migration-tool/internal/report/jsonpath.go:178.89,179.20 1 0
github.com/sonar-solutions/sonar-migration-tool/internal/report/jsonpath.go:179.20,181.3 1 0
github.com/sonar-solutions/sonar-migration-tool/internal/report/jsonpath.go:181.8,182.20 1 0
github.com/sonar-solutions/sonar-migration-tool/internal/report/jsonpath.go:182.20,184.4 1 0
github.com/sonar-solutions/sonar-migration-tool/internal/report/jsonpath.go:185.3,185.42 1 0
github.com/sonar-solutions/sonar-migration-tool/internal/report/jsonpath.go:187.2,187.10 1 0
github.com/sonar-solutions/sonar-migration-tool/internal/report/jsonpath.go:190.75,192.46 2 0
github.com/sonar-solutions/sonar-migration-tool/internal/report/jsonpath.go:192.46,194.3 1 0
github.com/sonar-solutions/sonar-migration-tool/internal/report/jsonpath.go:195.2,195.20 1 0
github.com/sonar-solutions/sonar-migration-tool/internal/report/jsonpath.go:195.20,197.3 1 0
github.com/sonar-solutions/sonar-migration-tool/internal/report/jsonpath.go:197.8,199.3 1 0
github.com/sonar-solutions/sonar-migration-tool/internal/report/jsonpath.go:200.2,200.12 1 0
github.com/sonar-solutions/sonar-migration-tool/internal/report/markdown.go:29.55,30.32 1 2
github.com/sonar-solutions/sonar-migration-tool/internal/report/markdown.go:30.32,33.3 2 2
github.com/sonar-solutions/sonar-migration-tool/internal/report/markdown.go:37.49,38.32 1 1
github.com/sonar-solutions/sonar-migration-tool/internal/report/markdown.go:38.32,38.56 1 1
github.com/sonar-solutions/sonar-migration-tool/internal/report/markdown.go:42.54,43.32 1 1
github.com/sonar-solutions/sonar-migration-tool/internal/report/markdown.go:43.32,46.3 2 1
github.com/sonar-solutions/sonar-migration-tool/internal/report/markdown.go:50.61,51.32 1 1
github.com/sonar-solutions/sonar-migration-tool/internal/report/markdown.go:51.32,51.51 1 1
github.com/sonar-solutions/sonar-migration-tool/internal/report/markdown.go:55.93,57.27 2 7
github.com/sonar-solutions/sonar-migration-tool/internal/report/markdown.go:57.27,59.3 1 5
github.com/sonar-solutions/sonar-migration-tool/internal/report/markdown.go:61.2,67.20 5 7
github.com/sonar-solutions/sonar-migration-tool/internal/report/markdown.go:70.59,71.21 1 7
github.com/sonar-solutions/sonar-migration-tool/internal/report/markdown.go:71.21,76.3 4 2
github.com/sonar-solutions/sonar-migration-tool/internal/report/markdown.go:77.2,77.27 1 7
github.com/sonar-solutions/sonar-migration-tool/internal/report/markdown.go:77.27,80.3 2 1
github.com/sonar-solutions/sonar-migration-tool/internal/report/markdown.go:83.62,85.30 2 7
github.com/sonar-solutions/sonar-migration-tool/internal/report/markdown.go:85.30,86.12 1 12
github.com/sonar-solutions/sonar-migration-tool/internal/report/markdown.go:86.12,88.4 1 5
github.com/sonar-solutions/sonar-migration-tool/internal/report/markdown.go:89.3,89.29 1 12
github.com/sonar-solutions/sonar-migration-tool/internal/report/markdown.go:91.2,94.20 3 7
github.com/sonar-solutions/sonar-migration-tool/internal/report/markdown.go:94.20,96.3 1 12
github.com/sonar-solutions/sonar-migration-tool/internal/report/markdown.go:97.2,97.22 1 7
github.com/sonar-solutions/sonar-migration-tool/internal/report/markdown.go:100.83,101.27 1 7
github.com/sonar-solutions/sonar-migration-tool/internal/report/markdown.go:101.27,103.31 2 10
github.com/sonar-solutions/sonar-migration-tool/internal/report/markdown.go:103.31,104.13 1 19
github.com/sonar-solutions/sonar-migration-tool/internal/report/markdown.go:104.13,106.5 1 9
github.com/sonar-solutions/sonar-migration-tool/internal/report/markdown.go:107.4,107.45 1 19
github.com/sonar-solutions/sonar-migration-tool/internal/report/markdown.go:109.3,109.25 1 10
github.com/sonar-solutions/sonar-migration-tool/internal/report/markdown.go:113.86,115.25 2 7
github.com/sonar-solutions/sonar-migration-tool/internal/report/markdown.go:115.25,117.3 1 1
github.com/sonar-solutions/sonar-migration-tool/internal/report/markdown.go:118.2,118.23 1 7
github.com/sonar-solutions/sonar-migration-tool/internal/report/markdown.go:118.23,120.3 1 1
github.com/sonar-solutions/sonar-migration-tool/internal/report/markdown.go:121.2,121.17 1 7
github.com/sonar-solutions/sonar-migration-tool/internal/report/markdown.go:124.87,126.27 2 1
github.com/sonar-solutions/sonar-migration-tool/internal/report/markdown.go:126.27,127.14 1 3
github.com/sonar-solutions/sonar-migration-tool/internal/report/markdown.go:127.14,129.4 1 2
github.com/sonar-solutions/sonar-migration-tool/internal/report/markdown.go:131.2,131.15 1 1
github.com/sonar-solutions/sonar-migration-tool/internal/report/markdown.go:134.61,135.45 1 1
github.com/sonar-solutions/sonar-migration-tool/internal/report/markdown.go:135.45,138.11 3 3
github.com/sonar-solutions/sonar-migration-tool/internal/report/markdown.go:138.11,140.4 1 3
github.com/sonar-solutions/sonar-migration-tool/internal/report/markdown.go:141.3,141.17 1 0
github.com/sonar-solutions/sonar-migration-tool/internal/report/markdown.go:145.31,146.23 1 6
github.com/sonar-solutions/sonar-migration-tool/internal/report/markdown.go:147.15,148.11 1 0
github.com/sonar-solutions/sonar-migration-tool/internal/report/markdown.go:149.11,150.20 1 6
github.com/sonar-solutions/sonar-migration-tool/internal/report/markdown.go:151.12,152.8 1 0
github.com/sonar-solutions/sonar-migration-tool/internal/report/markdown.go:152.8,154.4 1 0
github.com/sonar-solutions/sonar-migration-tool/internal/report/markdown.go:155.3,155.11 1 0
github.com/sonar-solutions/sonar-migration-tool/internal/report/markdown.go:157.2,157.10 1 0
github.com/sonar-solutions/sonar-migration-tool/internal/report/markdown.go:161.32,162.14 1 33
github.com/sonar-solutions/sonar-migration-tool/internal/report/markdown.go:162.14,164.3 1 1
github.com/sonar-solutions/sonar-migration-tool/internal/report/markdown.go:165.2,165.25 1 32
github.com/sonar-solutions/sonar-migration-tool/internal/report/markdown.go:166.12,167.10 1 4
github.com/sonar-solutions/sonar-migration-tool/internal/report/markdown.go:167.10,169.4 1 3
github.com/sonar-solutions/sonar-migration-tool/internal/report/markdown.go:170.3,170.14 1 1
github.com/sonar-solutions/sonar-migration-tool/internal/report/markdown.go:171.11,172.30 1 10
github.com/sonar-solutions/sonar-migration-tool/internal/report/markdown.go:173.15,174.32 1 3
github.com/sonar-solutions/sonar-migration-tool/internal/report/markdown.go:175.16,176.33 1 1
github.com/sonar-solutions/sonar-migration-tool/internal/report/markdown.go:177.13,178.26 1 1
github.com/sonar-solutions/sonar-migration-tool/internal/report/markdown.go:179.14,180.13 1 13
github.com/sonar-solutions/sonar-migration-tool/internal/report/markdown.go:181.10,182.30 1 0
github.com/sonar-solutions/sonar-migration-tool/internal/report/markdown.go:186.36,189.2 2 10
github.com/sonar-solutions/sonar-migration-tool/internal/report/markdown.go:191.42,197.2 4 3
github.com/sonar-solutions/sonar-migration-tool/internal/report/markdown.go:199.33,200.17 1 17
github.com/sonar-solutions/sonar-migration-tool/internal/report/markdown.go:200.17,202.3 1 11
github.com/sonar-solutions/sonar-migration-tool/internal/report/markdown.go:203.2,204.17 2 6
github.com/sonar-solutions/sonar-migration-tool/internal/report/markdown.go:204.17,207.3 2 1
github.com/sonar-solutions/sonar-migration-tool/internal/report/markdown.go:208.2,209.17 2 6
github.com/sonar-solutions/sonar-migration-tool/internal/report/markdown.go:209.17,212.3 2 8
github.com/sonar-solutions/sonar-migration-tool/internal/report/markdown.go:213.2,214.39 2 6
github.com/sonar-solutions/sonar-migration-tool/internal/report/markdown.go:217.36,219.27 2 1
github.com/sonar-solutions/sonar-migration-tool/internal/report/markdown.go:219.27,221.3 1 2
github.com/sonar-solutions/sonar-migration-tool/internal/report/markdown.go:222.2,222.33 1 1
github.com/sonar-solutions/sonar-migration-tool/internal/report/common/applications.go:9.112,11.71 2 2
github.com/sonar-solutions/sonar-migration-tool/internal/report/common/applications.go:11.71,15.62 3 4
github.com/sonar-solutions/sonar-migration-tool/internal/report/common/applications.go:15.62,17.4 1 1
github.com/sonar-solutions/sonar-migration-tool/internal/report/common/applications.go:18.3,24.5 3 4
github.com/sonar-solutions/sonar-migration-tool/internal/report/common/applications.go:26.2,26.13 1 2
github.com/sonar-solutions/sonar-migration-tool/internal/report/common/applications.go:30.120,38.49 3 1
github.com/sonar-solutions/sonar-migration-tool/internal/report/common/applications.go:38.49,41.4 2 2
github.com/sonar-solutions/sonar-migration-tool/internal/report/common/applications.go:43.2,47.49 1 1
github.com/sonar-solutions/sonar-migration-tool/internal/report/common/applications.go:47.49,50.4 2 2
github.com/sonar-solutions/sonar-migration-tool/internal/report/common/applications.go:52.2,52.25 1 1
github.com/sonar-solutions/sonar-migration-tool/internal/report/common/bindings.go:9.135,16.44 6 1
github.com/sonar-solutions/sonar-migration-tool/internal/report/common/bindings.go:16.44,17.36 1 1
github.com/sonar-solutions/sonar-migration-tool/internal/report/common/bindings.go:17.36,31.4 5 1
github.com/sonar-solutions/sonar-migration-tool/internal/report/common/bindings.go:34.2,43.49 1 1
github.com/sonar-solutions/sonar-migration-tool/internal/report/common/bindings.go:43.49,46.4 2 1
github.com/sonar-solutions/sonar-migration-tool/internal/report/common/bindings.go:48.2,48.25 1 1
github.com/sonar-solutions/sonar-migration-tool/internal/report/common/bindings.go:51.136,53.68 2 1
github.com/sonar-solutions/sonar-migration-tool/internal/report/common/bindings.go:53.68,57.27 4 1
github.com/sonar-solutions/sonar-migration-tool/internal/report/common/bindings.go:57.27,59.4 1 1
github.com/sonar-solutions/sonar-migration-tool/internal/report/common/bindings.go:60.3,60.39 1 1
github.com/sonar-solutions/sonar-migration-tool/internal/report/common/bindings.go:60.39,62.4 1 1
github.com/sonar-solutions/sonar-migration-tool/internal/report/common/bindings.go:63.3,63.47 1 1
github.com/sonar-solutions/sonar-migration-tool/internal/report/common/bindings.go:65.2,65.17 1 1
github.com/sonar-solutions/sonar-migration-tool/internal/report/common/bindings.go:68.125,70.61 2 1
github.com/sonar-solutions/sonar-migration-tool/internal/report/common/bindings.go:70.61,77.3 2 1
github.com/sonar-solutions/sonar-migration-tool/internal/report/common/bindings.go:78.2,78.17 1 1
github.com/sonar-solutions/sonar-migration-tool/internal/report/common/bindings.go:81.106,82.55 1 1
github.com/sonar-solutions/sonar-migration-tool/internal/report/common/bindings.go:82.55,84.3 1 1
github.com/sonar-solutions/sonar-migration-tool/internal/report/common/bindings.go:85.2,85.12 1 0
github.com/sonar-solutions/sonar-migration-tool/internal/report/common/bindings.go:88.44,89.19 1 2
github.com/sonar-solutions/sonar-migration-tool/internal/report/common/bindings.go:89.19,90.11 1 2
github.com/sonar-solutions/sonar-migration-tool/internal/report/common/bindings.go:90.11,92.4 1 0
github.com/sonar-solutions/sonar-migration-tool/internal/report/common/bindings.go:94.2,94.14 1 2
github.com/sonar-solutions/sonar-migration-tool/internal/report/common/bindings.go:97.33,98.7 1 2
github.com/sonar-solutions/sonar-migration-tool/internal/report/common/bindings.go:98.7,100.3 1 0
github.com/sonar-solutions/sonar-migration-tool/internal/report/common/bindings.go:101.2,101.13 1 2
github.com/sonar-solutions/sonar-migration-tool/internal/report/common/gates.go:9.151,12.58 2 1
github.com/sonar-solutions/sonar-migration-tool/internal/report/common/gates.go:12.58,15.17 3 2
github.com/sonar-solutions/sonar-migration-tool/internal/report/common/gates.go:15.17,16.12 1 0
github.com/sonar-solutions/sonar-migration-tool/internal/report/common/gates.go:18.3,25.92 8 2
github.com/sonar-solutions/sonar-migration-tool/internal/report/common/gates.go:28.2,28.44 1 1
github.com/sonar-solutions/sonar-migration-tool/internal/report/common/gates.go:28.44,29.42 1 1
github.com/sonar-solutions/sonar-migration-tool/internal/report/common/gates.go:29.42,31.74 2 2
github.com/sonar-solutions/sonar-migration-tool/internal/report/common/gates.go:31.74,32.13 1 0
github.com/sonar-solutions/sonar-migration-tool/internal/report/common/gates.go:34.4,34.91 1 2
github.com/sonar-solutions/sonar-migration-tool/internal/report/common/gates.go:37.2,37.14 1 1
github.com/sonar-solutions/sonar-migration-tool/internal/report/common/gates.go:40.84,41.23 1 2
github.com/sonar-solutions/sonar-migration-tool/internal/report/common/gates.go:41.23,43.3 1 1
github.com/sonar-solutions/sonar-migration-tool/internal/report/common/gates.go:44.2,44.29 1 2
github.com/sonar-solutions/sonar-migration-tool/internal/report/common/gates.go:44.29,49.3 1 2
github.com/sonar-solutions/sonar-migration-tool/internal/report/common/gates.go:53.132,56.36 3 1
github.com/sonar-solutions/sonar-migration-tool/internal/report/common/gates.go:56.36,57.36 1 1
github.com/sonar-solutions/sonar-migration-tool/internal/report/common/gates.go:57.36,59.4 1 2
github.com/sonar-solutions/sonar-migration-tool/internal/report/common/gates.go:62.2,70.49 1 1
github.com/sonar-solutions/sonar-migration-tool/internal/report/common/gates.go:70.49,74.4 3 2
github.com/sonar-solutions/sonar-migration-tool/internal/report/common/gates.go:77.2,81.49 1 1
github.com/sonar-solutions/sonar-migration-tool/internal/report/common/gates.go:81.49,85.4 3 2
github.com/sonar-solutions/sonar-migration-tool/internal/report/common/gates.go:87.2,87.23 1 1
github.com/sonar-solutions/sonar-migration-tool/internal/report/common/groups.go:9.106,11.59 2 2
github.com/sonar-solutions/sonar-migration-tool/internal/report/common/groups.go:11.59,19.3 2 3
github.com/sonar-solutions/sonar-migration-tool/internal/report/common/groups.go:20.2,20.15 1 2
github.com/sonar-solutions/sonar-migration-tool/internal/report/common/measures.go:12.107,14.68 2 1
github.com/sonar-solutions/sonar-migration-tool/internal/report/common/measures.go:14.68,18.39 4 2
github.com/sonar-solutions/sonar-migration-tool/internal/report/common/measures.go:18.39,19.12 1 0
github.com/sonar-solutions/sonar-migration-tool/internal/report/common/measures.go:21.3,25.19 5 2
github.com/sonar-solutions/sonar-migration-tool/internal/report/common/measures.go:25.19,27.4 1 2
github.com/sonar-solutions/sonar-migration-tool/internal/report/common/measures.go:29.2,29.17 1 1
github.com/sonar-solutions/sonar-migration-tool/internal/report/common/measures.go:33.54,34.41 1 4
github.com/sonar-solutions/sonar-migration-tool/internal/report/common/measures.go:34.41,35.51 1 1
github.com/sonar-solutions/sonar-migration-tool/internal/report/common/measures.go:35.51,37.4 1 1
github.com/sonar-solutions/sonar-migration-tool/internal/report/common/measures.go:39.2,39.25 1 3
github.com/sonar-solutions/sonar-migration-tool/internal/report/common/measures.go:42.53,43.20 1 2
github.com/sonar-solutions/sonar-migration-tool/internal/report/common/measures.go:43.20,45.3 1 1
github.com/sonar-solutions/sonar-migration-tool/internal/report/common/measures.go:46.2,46.26 1 2
github.com/sonar-solutions/sonar-migration-tool/internal/report/common/measures.go:46.26,48.3 1 1
github.com/sonar-solutions/sonar-migration-tool/internal/report/common/permissions.go:18.119,21.62 3 1
github.com/sonar-solutions/sonar-migration-tool/internal/report/common/permissions.go:21.62,33.3 3 1
github.com/sonar-solutions/sonar-migration-tool/internal/report/common/permissions.go:34.2,34.18 1 1
github.com/sonar-solutions/sonar-migration-tool/internal/report/common/permissions.go:37.137,39.69 2 1
github.com/sonar-solutions/sonar-migration-tool/internal/report/common/permissions.go:39.69,43.42 4 1
github.com/sonar-solutions/sonar-migration-tool/internal/report/common/permissions.go:43.42,44.12 1 0
github.com/sonar-solutions/sonar-migration-tool/internal/report/common/permissions.go:46.3,46.27 1 1
github.com/sonar-solutions/sonar-migration-tool/internal/report/common/permissions.go:46.27,48.4 1 1
github.com/sonar-solutions/sonar-migration-tool/internal/report/common/permissions.go:49.3,49.39 1 1
github.com/sonar-solutions/sonar-migration-tool/internal/report/common/permissions.go:49.39,51.4 1 1
github.com/sonar-solutions/sonar-migration-tool/internal/report/common/permissions.go:52.3,52.52 1 1
github.com/sonar-solutions/sonar-migration-tool/internal/report/common/permissions.go:52.52,54.4 1 1
github.com/sonar-solutions/sonar-migration-tool/internal/report/common/permissions.go:56.2,56.17 1 1
github.com/sonar-solutions/sonar-migration-tool/internal/report/common/permissions.go:59.54,60.26 1 1
github.com/sonar-solutions/sonar-migration-tool/internal/report/common/permissions.go:60.26,62.3 1 0
github.com/sonar-solutions/sonar-migration-tool/internal/report/common/permissions.go:63.2,64.28 2 1
github.com/sonar-solutions/sonar-migration-tool/internal/report/common/permissions.go:64.28,66.3 1 1
github.com/sonar-solutions/sonar-migration-tool/internal/report/common/permissions.go:67.2,67.34 1 1
github.com/sonar-solutions/sonar-migration-tool/internal/report/common/permissions.go:71.85,76.2 4 1
github.com/sonar-solutions/sonar-migration-tool/internal/report/common/permissions.go:78.75,80.44 2 1
github.com/sonar-solutions/sonar-migration-tool/internal/report/common/permissions.go:80.44,82.36 2 1
github.com/sonar-solutions/sonar-migration-tool/internal/report/common/permissions.go:82.36,83.40 1 1
github.com/sonar-solutions/sonar-migration-tool/internal/report/common/permissions.go:83.40,85.5 1 1
github.com/sonar-solutions/sonar-migration-tool/internal/report/common/permissions.go:88.2,88.18 1 1
github.com/sonar-solutions/sonar-migration-tool/internal/report/common/permissions.go:91.113,92.33 1 1
github.com/sonar-solutions/sonar-migration-tool/internal/report/common/permissions.go:92.33,95.33 3 1
github.com/sonar-solutions/sonar-migration-tool/internal/report/common/permissions.go:95.33,96.12 1 1
github.com/sonar-solutions/sonar-migration-tool/internal/report/common/permissions.go:98.3,99.17 2 0
github.com/sonar-solutions/sonar-migration-tool/internal/report/common/permissions.go:99.17,100.12 1 0
github.com/sonar-solutions/sonar-migration-tool/internal/report/common/permissions.go:102.3,103.35 2 0
github.com/sonar-solutions/sonar-migration-tool/internal/report/common/permissions.go:103.35,105.40 2 0
github.com/sonar-solutions/sonar-migration-tool/internal/report/common/permissions.go:105.40,108.5 2 0
github.com/sonar-solutions/sonar-migration-tool/internal/report/common/permissions.go:110.3,110.39 1 0
github.com/sonar-solutions/sonar-migration-tool/internal/report/common/permissions.go:114.95,115.33 1 1
github.com/sonar-solutions/sonar-migration-tool/internal/report/common/permissions.go:115.33,118.70 3 1
github.com/sonar-solutions/sonar-migration-tool/internal/report/common/permissions.go:118.70,120.4 1 1
github.com/sonar-solutions/sonar-migration-tool/internal/report/common/permissions.go:125.173,136.49 3 1
github.com/sonar-solutions/sonar-migration-tool/internal/report/common/permissions.go:136.49,137.19 1 1
github.com/sonar-solutions/sonar-migration-tool/internal/report/common/permissions.go:137.19,139.5 1 1
github.com/sonar-solutions/sonar-migration-tool/internal/report/common/permissions.go:140.4,141.20 2 0
github.com/sonar-solutions/sonar-migration-tool/internal/report/common/permissions.go:144.2,144.22 1 1
github.com/sonar-solutions/sonar-migration-tool/internal/report/common/pipelines.go:14.107,16.68 2 2
github.com/sonar-solutions/sonar-migration-tool/internal/report/common/pipelines.go:16.68,21.61 5 3
github.com/sonar-solutions/sonar-migration-tool/internal/report/common/pipelines.go:21.61,22.12 1 0
github.com/sonar-solutions/sonar-migration-tool/internal/report/common/pipelines.go:24.3,25.10 2 3
github.com/sonar-solutions/sonar-migration-tool/internal/report/common/pipelines.go:25.10,26.12 1 0
github.com/sonar-solutions/sonar-migration-tool/internal/report/common/pipelines.go:28.3,33.38 6 3
github.com/sonar-solutions/sonar-migration-tool/internal/report/common/pipelines.go:35.2,35.14 1 2
github.com/sonar-solutions/sonar-migration-tool/internal/report/common/pipelines.go:38.70,39.23 1 3
github.com/sonar-solutions/sonar-migration-tool/internal/report/common/pipelines.go:39.23,41.3 1 2
github.com/sonar-solutions/sonar-migration-tool/internal/report/common/pipelines.go:42.2,42.27 1 3
github.com/sonar-solutions/sonar-migration-tool/internal/report/common/pipelines.go:42.27,44.3 1 2
github.com/sonar-solutions/sonar-migration-tool/internal/report/common/pipelines.go:45.2,45.39 1 3
github.com/sonar-solutions/sonar-migration-tool/internal/report/common/pipelines.go:45.39,50.3 1 2
github.com/sonar-solutions/sonar-migration-tool/internal/report/common/pipelines.go:53.56,56.9 3 3
github.com/sonar-solutions/sonar-migration-tool/internal/report/common/pipelines.go:56.9,58.3 1 0
github.com/sonar-solutions/sonar-migration-tool/internal/report/common/pipelines.go:59.2,59.24 1 3
github.com/sonar-solutions/sonar-migration-tool/internal/report/common/pipelines.go:59.24,61.10 2 0
github.com/sonar-solutions/sonar-migration-tool/internal/report/common/pipelines.go:61.10,62.12 1 0
github.com/sonar-solutions/sonar-migration-tool/internal/report/common/pipelines.go:64.3,66.53 3 0
github.com/sonar-solutions/sonar-migration-tool/internal/report/common/pipelines.go:66.53,69.4 2 0
github.com/sonar-solutions/sonar-migration-tool/internal/report/common/pipelines.go:71.2,71.14 1 3
github.com/sonar-solutions/sonar-migration-tool/internal/report/common/pipelines.go:74.72,76.20 2 3
github.com/sonar-solutions/sonar-migration-tool/internal/report/common/pipelines.go:76.20,78.13 2 3
github.com/sonar-solutions/sonar-migration-tool/internal/report/common/pipelines.go:78.13,80.4 1 0
github.com/sonar-solutions/sonar-migration-tool/internal/report/common/pipelines.go:82.2,82.29 1 3
github.com/sonar-solutions/sonar-migration-tool/internal/report/common/pipelines.go:85.59,86.76 1 3
github.com/sonar-solutions/sonar-migration-tool/internal/report/common/pipelines.go:86.76,88.3 1 2
github.com/sonar-solutions/sonar-migration-tool/internal/report/common/pipelines.go:89.2,89.72 1 3
github.com/sonar-solutions/sonar-migration-tool/internal/report/common/pipelines.go:89.72,91.3 1 3
github.com/sonar-solutions/sonar-migration-tool/internal/report/common/pipelines.go:95.131,100.2 4 1
github.com/sonar-solutions/sonar-migration-tool/internal/report/common/pipelines.go:102.55,104.36 2 1
github.com/sonar-solutions/sonar-migration-tool/internal/report/common/pipelines.go:104.36,105.43 1 1
github.com/sonar-solutions/sonar-migration-tool/internal/report/common/pipelines.go:105.43,108.4 2 1
github.com/sonar-solutions/sonar-migration-tool/internal/report/common/pipelines.go:110.2,118.3 1 1
github.com/sonar-solutions/sonar-migration-tool/internal/report/common/pipelines.go:121.100,124.32 3 1
github.com/sonar-solutions/sonar-migration-tool/internal/report/common/pipelines.go:124.32,126.50 2 1
github.com/sonar-solutions/sonar-migration-tool/internal/report/common/pipelines.go:126.50,127.49 1 1
github.com/sonar-solutions/sonar-migration-tool/internal/report/common/pipelines.go:127.49,129.5 1 1
github.com/sonar-solutions/sonar-migration-tool/internal/report/common/pipelines.go:131.3,131.49 1 1
github.com/sonar-solutions/sonar-migration-tool/internal/report/common/pipelines.go:131.49,132.46 1 1
github.com/sonar-solutions/sonar-migration-tool/internal/report/common/pipelines.go:132.46,134.5 1 1
github.com/sonar-solutions/sonar-migration-tool/internal/report/common/pipelines.go:137.2,140.3 1 1
github.com/sonar-solutions/sonar-migration-tool/internal/report/common/pipelines.go:143.50,145.36 2 1
github.com/sonar-solutions/sonar-migration-tool/internal/report/common/pipelines.go:145.36,146.43 1 1
github.com/sonar-solutions/sonar-migration-tool/internal/report/common/pipelines.go:146.43,147.43 1 1
github.com/sonar-solutions/sonar-migration-tool/internal/report/common/pipelines.go:147.43,156.5 1 1
github.com/sonar-solutions/sonar-migration-tool/internal/report/common/pipelines.go:159.2,167.3 1 1
github.com/sonar-solutions/sonar-migration-tool/internal/report/common/plugins.go:9.118,11.60 2 2
github.com/sonar-solutions/sonar-migration-tool/internal/report/common/plugins.go:11.60,14.31 3 3
github.com/sonar-solutions/sonar-migration-tool/internal/report/common/plugins.go:14.31,15.12 1 1
github.com/sonar-solutions/sonar-migration-tool/internal/report/common/plugins.go:17.3,23.5 1 2
github.com/sonar-solutions/sonar-migration-tool/internal/report/common/plugins.go:25.2,25.16 1 2
github.com/sonar-solutions/sonar-migration-tool/internal/report/common/plugins.go:29.136,32.40 3 1
github.com/sonar-solutions/sonar-migration-tool/internal/report/common/plugins.go:32.40,34.3 1 1
github.com/sonar-solutions/sonar-migration-tool/internal/report/common/plugins.go:35.2,43.20 2 1
github.com/sonar-solutions/sonar-migration-tool/internal/report/common/portfolios.go:9.110,13.69 2 2
github.com/sonar-solutions/sonar-migration-tool/internal/report/common/portfolios.go:13.69,16.16 3 3
github.com/sonar-solutions/sonar-migration-tool/internal/report/common/portfolios.go:16.16,17.12 1 0
github.com/sonar-solutions/sonar-migration-tool/internal/report/common/portfolios.go:19.3,24.53 6 3
github.com/sonar-solutions/sonar-migration-tool/internal/report/common/portfolios.go:27.2,27.70 1 2
github.com/sonar-solutions/sonar-migration-tool/internal/report/common/portfolios.go:27.70,31.45 4 3
github.com/sonar-solutions/sonar-migration-tool/internal/report/common/portfolios.go:31.45,32.12 1 0
github.com/sonar-solutions/sonar-migration-tool/internal/report/common/portfolios.go:34.3,34.69 1 3
github.com/sonar-solutions/sonar-migration-tool/internal/report/common/portfolios.go:34.69,35.12 1 0
github.com/sonar-solutions/sonar-migration-tool/internal/report/common/portfolios.go:37.3,41.37 5 3
github.com/sonar-solutions/sonar-migration-tool/internal/report/common/portfolios.go:44.2,44.38 1 2
github.com/sonar-solutions/sonar-migration-tool/internal/report/common/portfolios.go:47.79,48.19 1 3
github.com/sonar-solutions/sonar-migration-tool/internal/report/common/portfolios.go:48.19,50.3 1 2
github.com/sonar-solutions/sonar-migration-tool/internal/report/common/portfolios.go:51.2,51.24 1 3
github.com/sonar-solutions/sonar-migration-tool/internal/report/common/portfolios.go:51.24,56.3 1 3
github.com/sonar-solutions/sonar-migration-tool/internal/report/common/portfolios.go:59.41,60.38 1 3
github.com/sonar-solutions/sonar-migration-tool/internal/report/common/portfolios.go:60.38,62.3 1 3
github.com/sonar-solutions/sonar-migration-tool/internal/report/common/portfolios.go:63.2,63.30 1 0
github.com/sonar-solutions/sonar-migration-tool/internal/report/common/portfolios.go:66.81,68.37 2 2
github.com/sonar-solutions/sonar-migration-tool/internal/report/common/portfolios.go:68.37,69.38 1 2
github.com/sonar-solutions/sonar-migration-tool/internal/report/common/portfolios.go:69.38,71.4 1 3
github.com/sonar-solutions/sonar-migration-tool/internal/report/common/portfolios.go:73.2,73.15 1 2
github.com/sonar-solutions/sonar-migration-tool/internal/report/common/portfolios.go:77.63,81.26 4 4
github.com/sonar-solutions/sonar-migration-tool/internal/report/common/portfolios.go:81.26,83.3 1 5
github.com/sonar-solutions/sonar-migration-tool/internal/report/common/portfolios.go:84.2,84.15 1 4
github.com/sonar-solutions/sonar-migration-tool/internal/report/common/portfolios.go:87.77,89.16 2 5
github.com/sonar-solutions/sonar-migration-tool/internal/report/common/portfolios.go:89.16,91.3 1 5
github.com/sonar-solutions/sonar-migration-tool/internal/report/common/portfolios.go:92.2,93.37 2 5
github.com/sonar-solutions/sonar-migration-tool/internal/report/common/portfolios.go:93.37,94.29 1 1
github.com/sonar-solutions/sonar-migration-tool/internal/report/common/portfolios.go:94.29,95.50 1 1
github.com/sonar-solutions/sonar-migration-tool/internal/report/common/portfolios.go:95.50,97.5 1 1
github.com/sonar-solutions/sonar-migration-tool/internal/report/common/portfolios.go:103.118,113.49 2 1
github.com/sonar-solutions/sonar-migration-tool/internal/report/common/portfolios.go:113.49,116.4 2 2
github.com/sonar-solutions/sonar-migration-tool/internal/report/common/portfolios.go:118.2,124.49 1 1
github.com/sonar-solutions/sonar-migration-tool/internal/report/common/portfolios.go:124.49,127.4 2 2
github.com/sonar-solutions/sonar-migration-tool/internal/report/common/portfolios.go:129.2,129.25 1 1
github.com/sonar-solutions/sonar-migration-tool/internal/report/common/profiles.go:40.182,43.58 3 1
github.com/sonar-solutions/sonar-migration-tool/internal/report/common/profiles.go:43.58,46.16 3 1
github.com/sonar-solutions/sonar-migration-tool/internal/report/common/profiles.go:46.16,47.12 1 0
github.com/sonar-solutions/sonar-migration-tool/internal/report/common/profiles.go:49.3,49.61 1 1
github.com/sonar-solutions/sonar-migration-tool/internal/report/common/profiles.go:49.61,52.4 2 0
github.com/sonar-solutions/sonar-migration-tool/internal/report/common/profiles.go:53.3,54.51 2 1
github.com/sonar-solutions/sonar-migration-tool/internal/report/common/profiles.go:54.51,57.4 2 0
github.com/sonar-solutions/sonar-migration-tool/internal/report/common/profiles.go:59.2,59.35 1 1
github.com/sonar-solutions/sonar-migration-tool/internal/report/common/profiles.go:63.133,65.65 2 1
github.com/sonar-solutions/sonar-migration-tool/internal/report/common/profiles.go:65.65,67.43 2 1
github.com/sonar-solutions/sonar-migration-tool/internal/report/common/profiles.go:67.43,69.4 1 1
github.com/sonar-solutions/sonar-migration-tool/internal/report/common/profiles.go:71.2,71.17 1 1
github.com/sonar-solutions/sonar-migration-tool/internal/report/common/profiles.go:74.106,76.9 2 1
github.com/sonar-solutions/sonar-migration-tool/internal/report/common/profiles.go:76.9,78.3 1 0
github.com/sonar-solutions/sonar-migration-tool/internal/report/common/profiles.go:79.2,79.29 1 1
github.com/sonar-solutions/sonar-migration-tool/internal/report/common/profiles.go:79.29,81.10 2 1
github.com/sonar-solutions/sonar-migration-tool/internal/report/common/profiles.go:81.10,82.12 1 0
github.com/sonar-solutions/sonar-migration-tool/internal/report/common/profiles.go:84.3,85.23 2 1
github.com/sonar-solutions/sonar-migration-tool/internal/report/common/profiles.go:85.23,86.12 1 0
github.com/sonar-solutions/sonar-migration-tool/internal/report/common/profiles.go:88.3,89.44 2 1
github.com/sonar-solutions/sonar-migration-tool/internal/report/common/profiles.go:94.193,96.44 2 1
github.com/sonar-solutions/sonar-migration-tool/internal/report/common/profiles.go:96.44,97.42 1 1
github.com/sonar-solutions/sonar-migration-tool/internal/report/common/profiles.go:97.42,99.43 2 1
github.com/sonar-solutions/sonar-migration-tool/internal/report/common/profiles.go:99.43,108.5 7 1
github.com/sonar-solutions/sonar-migration-tool/internal/report/common/profiles.go:111.2,111.24 1 1
github.com/sonar-solutions/sonar-migration-tool/internal/report/common/profiles.go:115.194,131.49 5 1
github.com/sonar-solutions/sonar-migration-tool/internal/report/common/profiles.go:131.49,136.4 4 1
github.com/sonar-solutions/sonar-migration-tool/internal/report/common/profiles.go:139.2,147.49 1 1
github.com/sonar-solutions/sonar-migration-tool/internal/report/common/profiles.go:147.49,152.4 4 1
github.com/sonar-solutions/sonar-migration-tool/internal/report/common/profiles.go:154.2,154.47 1 1
github.com/sonar-solutions/sonar-migration-tool/internal/report/common/profiles.go:157.291,161.61 3 1
github.com/sonar-solutions/sonar-migration-tool/internal/report/common/profiles.go:161.61,166.35 5 1
github.com/sonar-solutions/sonar-migration-tool/internal/report/common/profiles.go:166.35,167.12 1 0
github.com/sonar-solutions/sonar-migration-tool/internal/report/common/profiles.go:170.3,189.44 5 1
github.com/sonar-solutions/sonar-migration-tool/internal/report/common/profiles.go:193.2,193.41 1 1
github.com/sonar-solutions/sonar-migration-tool/internal/report/common/profiles.go:193.41,194.44 1 1
github.com/sonar-solutions/sonar-migration-tool/internal/report/common/profiles.go:194.44,195.43 1 1
github.com/sonar-solutions/sonar-migration-tool/internal/report/common/profiles.go:195.43,199.5 3 1
github.com/sonar-solutions/sonar-migration-tool/internal/report/common/profiles.go:202.2,202.29 1 1
github.com/sonar-solutions/sonar-migration-tool/internal/report/common/profiles.go:205.91,207.18 2 1
github.com/sonar-solutions/sonar-migration-tool/internal/report/common/profiles.go:207.18,209.3 1 1
github.com/sonar-solutions/sonar-migration-tool/internal/report/common/profiles.go:210.2,210.47 1 0
github.com/sonar-solutions/sonar-migration-tool/internal/report/common/profiles.go:210.47,212.24 2 0
github.com/sonar-solutions/sonar-migration-tool/internal/report/common/profiles.go:212.24,214.4 1 0
github.com/sonar-solutions/sonar-migration-tool/internal/report/common/profiles.go:216.2,216.15 1 0
github.com/sonar-solutions/sonar-migration-tool/internal/report/common/profiles.go:221.64,222.19 1 0
github.com/sonar-solutions/sonar-migration-tool/internal/report/common/profiles.go:222.19,224.3 1 0
github.com/sonar-solutions/sonar-migration-tool/internal/report/common/profiles.go:227.90,228.19 1 2
github.com/sonar-solutions/sonar-migration-tool/internal/report/common/profiles.go:228.19,230.3 1 2
github.com/sonar-solutions/sonar-migration-tool/internal/report/common/profiles.go:231.2,231.31 1 2
github.com/sonar-solutions/sonar-migration-tool/internal/report/common/profiles.go:231.31,233.3 1 2
github.com/sonar-solutions/sonar-migration-tool/internal/report/common/profiles.go:236.93,238.2 1 1
github.com/sonar-solutions/sonar-migration-tool/internal/report/common/profiles.go:240.59,241.19 1 1
github.com/sonar-solutions/sonar-migration-tool/internal/report/common/profiles.go:241.19,243.3 1 1
github.com/sonar-solutions/sonar-migration-tool/internal/report/common/profiles.go:244.2,244.29 1 1
github.com/sonar-solutions/sonar-migration-tool/internal/report/common/profiles.go:244.29,246.3 1 1
github.com/sonar-solutions/sonar-migration-tool/internal/report/common/profiles.go:249.95,250.44 1 3
github.com/sonar-solutions/sonar-migration-tool/internal/report/common/profiles.go:250.44,252.3 1 3
github.com/sonar-solutions/sonar-migration-tool/internal/report/common/profiles.go:253.2,253.12 1 0
github.com/sonar-solutions/sonar-migration-tool/internal/report/common/profiles.go:256.45,258.19 2 4
github.com/sonar-solutions/sonar-migration-tool/internal/report/common/profiles.go:258.19,259.11 1 4
github.com/sonar-solutions/sonar-migration-tool/internal/report/common/profiles.go:259.11,261.4 1 0
github.com/sonar-solutions/sonar-migration-tool/internal/report/common/profiles.go:263.2,263.14 1 4
github.com/sonar-solutions/sonar-migration-tool/internal/report/common/profiles.go:266.23,267.26 1 3
github.com/sonar-solutions/sonar-migration-tool/internal/report/common/profiles.go:267.26,269.3 1 3
github.com/sonar-solutions/sonar-migration-tool/internal/report/common/profiles.go:270.2,270.10 1 0
github.com/sonar-solutions/sonar-migration-tool/internal/report/common/projects.go:22.106,24.67 2 2
github.com/sonar-solutions/sonar-migration-tool/internal/report/common/projects.go:24.67,27.23 3 2
github.com/sonar-solutions/sonar-migration-tool/internal/report/common/projects.go:27.23,28.12 1 0
github.com/sonar-solutions/sonar-migration-tool/internal/report/common/projects.go:30.3,46.4 3 2
github.com/sonar-solutions/sonar-migration-tool/internal/report/common/projects.go:48.2,49.17 2 2
github.com/sonar-solutions/sonar-migration-tool/internal/report/common/projects.go:52.55,55.9 3 2
github.com/sonar-solutions/sonar-migration-tool/internal/report/common/projects.go:55.9,57.3 1 0
github.com/sonar-solutions/sonar-migration-tool/internal/report/common/projects.go:58.2,59.24 2 2
github.com/sonar-solutions/sonar-migration-tool/internal/report/common/projects.go:59.24,60.38 1 1
github.com/sonar-solutions/sonar-migration-tool/internal/report/common/projects.go:60.38,61.43 1 1
github.com/sonar-solutions/sonar-migration-tool/internal/report/common/projects.go:61.43,63.5 1 1
github.com/sonar-solutions/sonar-migration-tool/internal/report/common/projects.go:66.2,66.15 1 2
[...]
github.com/sonar-solutions/sonar-migration-tool/internal/migrate/tasks_create.go:247.16,249.3 1 1
github.com/sonar-solutions/sonar-migration-tool/internal/migrate/tasks_create.go:251.2,252.80 1 1
github.com/sonar-solutions/sonar-migration-tool/internal/migrate/tasks_create.go:252.80,262.18 4 0
github.com/sonar-solutions/sonar-migration-tool/internal/migrate/tasks_create.go:262.18,267.5 2 0
github.com/sonar-solutions/sonar-migration-tool/internal/migrate/tasks_create.go:269.4,272.29 2 0
github.com/sonar-solutions/sonar-migration-tool/internal/migrate/tasks_create.go:278.55,280.16 2 2
github.com/sonar-solutions/sonar-migration-tool/internal/migrate/tasks_create.go:280.16,282.3 1 0
github.com/sonar-solutions/sonar-migration-tool/internal/migrate/tasks_create.go:283.2,283.29 1 2
github.com/sonar-solutions/sonar-migration-tool/internal/migrate/tasks_create.go:283.29,286.48 2 2
github.com/sonar-solutions/sonar-migration-tool/internal/migrate/tasks_create.go:286.48,287.36 1 1
github.com/sonar-solutions/sonar-migration-tool/internal/migrate/tasks_create.go:287.36,288.45 1 1
github.com/sonar-solutions/sonar-migration-tool/internal/migrate/tasks_create.go:288.45,290.6 1 1
github.com/sonar-solutions/sonar-migration-tool/internal/migrate/tasks_create.go:294.3,294.44 1 1
github.com/sonar-solutions/sonar-migration-tool/internal/migrate/tasks_create.go:294.44,296.4 1 0
github.com/sonar-solutions/sonar-migration-tool/internal/migrate/tasks_create.go:298.2,298.89 1 1
github.com/sonar-solutions/sonar-migration-tool/internal/migrate/tasks_create.go:302.60,304.50 2 16
github.com/sonar-solutions/sonar-migration-tool/internal/migrate/tasks_create.go:304.50,306.3 1 0
github.com/sonar-solutions/sonar-migration-tool/internal/migrate/tasks_create.go:307.2,308.9 2 16
github.com/sonar-solutions/sonar-migration-tool/internal/migrate/tasks_create.go:308.9,310.3 1 1
github.com/sonar-solutions/sonar-migration-tool/internal/migrate/tasks_create.go:312.2,313.48 2 15
github.com/sonar-solutions/sonar-migration-tool/internal/migrate/tasks_create.go:313.48,315.3 1 5
github.com/sonar-solutions/sonar-migration-tool/internal/migrate/tasks_create.go:317.2,318.48 2 10
github.com/sonar-solutions/sonar-migration-tool/internal/migrate/tasks_create.go:318.48,320.3 1 10
github.com/sonar-solutions/sonar-migration-tool/internal/migrate/tasks_create.go:321.2,321.11 1 0
github.com/sonar-solutions/sonar-migration-tool/internal/migrate/tasks_delete.go:12.30,63.2 2 65
github.com/sonar-solutions/sonar-migration-tool/internal/migrate/tasks_delete.go:65.64,67.80 1 1
github.com/sonar-solutions/sonar-migration-tool/internal/migrate/tasks_delete.go:67.80,69.17 2 1
github.com/sonar-solutions/sonar-migration-tool/internal/migrate/tasks_delete.go:69.17,71.5 1 0
github.com/sonar-solutions/sonar-migration-tool/internal/migrate/tasks_delete.go:72.4,73.18 2 1
github.com/sonar-solutions/sonar-migration-tool/internal/migrate/tasks_delete.go:73.18,75.5 1 0
github.com/sonar-solutions/sonar-migration-tool/internal/migrate/tasks_delete.go:76.4,76.14 1 1
github.com/sonar-solutions/sonar-migration-tool/internal/migrate/tasks_delete.go:80.64,82.35 1 2
github.com/sonar-solutions/sonar-migration-tool/internal/migrate/tasks_delete.go:82.35,84.4 1 2
github.com/sonar-solutions/sonar-migration-tool/internal/migrate/tasks_delete.go:85.80,91.18 5 0
github.com/sonar-solutions/sonar-migration-tool/internal/migrate/tasks_delete.go:91.18,93.5 1 0
github.com/sonar-solutions/sonar-migration-tool/internal/migrate/tasks_delete.go:94.4,94.14 1 0
github.com/sonar-solutions/sonar-migration-tool/internal/migrate/tasks_delete.go:98.61,100.80 1 2
github.com/sonar-solutions/sonar-migration-tool/internal/migrate/tasks_delete.go:100.80,106.18 5 1
github.com/sonar-solutions/sonar-migration-tool/internal/migrate/tasks_delete.go:106.18,108.5 1 0
github.com/sonar-solutions/sonar-migration-tool/internal/migrate/tasks_delete.go:109.4,109.14 1 1
github.com/sonar-solutions/sonar-migration-tool/internal/migrate/tasks_delete.go:113.62,115.80 1 2
github.com/sonar-solutions/sonar-migration-tool/internal/migrate/tasks_delete.go:115.80,118.20 3 1
github.com/sonar-solutions/sonar-migration-tool/internal/migrate/tasks_delete.go:118.20,120.5 1 0
github.com/sonar-solutions/sonar-migration-tool/internal/migrate/tasks_delete.go:121.4,122.18 2 1
github.com/sonar-solutions/sonar-migration-tool/internal/migrate/tasks_delete.go:122.18,124.5 1 0
github.com/sonar-solutions/sonar-migration-tool/internal/migrate/tasks_delete.go:125.4,125.14 1 1
github.com/sonar-solutions/sonar-migration-tool/internal/migrate/tasks_delete.go:129.65,131.80 1 2
github.com/sonar-solutions/sonar-migration-tool/internal/migrate/tasks_delete.go:131.80,133.24 2 2
github.com/sonar-solutions/sonar-migration-tool/internal/migrate/tasks_delete.go:133.24,135.5 1 0
github.com/sonar-solutions/sonar-migration-tool/internal/migrate/tasks_delete.go:136.4,137.18 2 2
github.com/sonar-solutions/sonar-migration-tool/internal/migrate/tasks_delete.go:137.18,139.5 1 1
github.com/sonar-solutions/sonar-migration-tool/internal/migrate/tasks_delete.go:140.4,140.14 1 2
github.com/sonar-solutions/sonar-migration-tool/internal/migrate/tasks_delete.go:144.66,146.80 1 1
github.com/sonar-solutions/sonar-migration-tool/internal/migrate/tasks_delete.go:146.80,148.25 2 1
github.com/sonar-solutions/sonar-migration-tool/internal/migrate/tasks_delete.go:148.25,150.5 1 0
github.com/sonar-solutions/sonar-migration-tool/internal/migrate/tasks_delete.go:151.4,152.18 2 1
github.com/sonar-solutions/sonar-migration-tool/internal/migrate/tasks_delete.go:152.18,154.5 1 0
github.com/sonar-solutions/sonar-migration-tool/internal/migrate/tasks_delete.go:155.4,155.14 1 1
github.com/sonar-solutions/sonar-migration-tool/internal/migrate/tasks_delete.go:159.68,163.2 2 1
github.com/sonar-solutions/sonar-migration-tool/internal/migrate/tasks_delete.go:165.65,169.2 2 1
github.com/sonar-solutions/sonar-migration-tool/internal/migrate/tasks_delete.go:171.72,175.2 2 1
github.com/sonar-solutions/sonar-migration-tool/internal/migrate/tasks_permissions.go:19.34,47.2 1 65
github.com/sonar-solutions/sonar-migration-tool/internal/migrate/tasks_permissions.go:49.71,51.80 1 1
github.com/sonar-solutions/sonar-migration-tool/internal/migrate/tasks_permissions.go:51.80,53.29 2 1
github.com/sonar-solutions/sonar-migration-tool/internal/migrate/tasks_permissions.go:53.29,55.5 1 0
github.com/sonar-solutions/sonar-migration-tool/internal/migrate/tasks_permissions.go:56.4,56.46 1 1
github.com/sonar-solutions/sonar-migration-tool/internal/migrate/tasks_permissions.go:56.46,62.19 2 2
github.com/sonar-solutions/sonar-migration-tool/internal/migrate/tasks_permissions.go:62.19,64.6 1 0
github.com/sonar-solutions/sonar-migration-tool/internal/migrate/tasks_permissions.go:66.4,70.29 2 1
github.com/sonar-solutions/sonar-migration-tool/internal/migrate/tasks_permissions.go:74.83,77.25 2 1
github.com/sonar-solutions/sonar-migration-tool/internal/migrate/tasks_permissions.go:77.25,79.3 1 0
github.com/sonar-solutions/sonar-migration-tool/internal/migrate/tasks_permissions.go:80.2,81.17 2 1
github.com/sonar-solutions/sonar-migration-tool/internal/migrate/tasks_permissions.go:81.17,83.3 1 0
github.com/sonar-solutions/sonar-migration-tool/internal/migrate/tasks_permissions.go:85.2,86.80 1 1
github.com/sonar-solutions/sonar-migration-tool/internal/migrate/tasks_permissions.go:86.80,88.46 2 1
github.com/sonar-solutions/sonar-migration-tool/internal/migrate/tasks_permissions.go:88.46,90.19 2 2
github.com/sonar-solutions/sonar-migration-tool/internal/migrate/tasks_permissions.go:90.19,92.6 1 0
github.com/sonar-solutions/sonar-migration-tool/internal/migrate/tasks_permissions.go:94.4,94.14 1 1
github.com/sonar-solutions/sonar-migration-tool/internal/migrate/tasks_permissions.go:98.78,100.80 1 1
github.com/sonar-solutions/sonar-migration-tool/internal/migrate/tasks_permissions.go:100.80,102.24 2 1
github.com/sonar-solutions/sonar-migration-tool/internal/migrate/tasks_permissions.go:102.24,104.5 1 0
github.com/sonar-solutions/sonar-migration-tool/internal/migrate/tasks_permissions.go:105.4,105.50 1 1
github.com/sonar-solutions/sonar-migration-tool/internal/migrate/tasks_permissions.go:105.50,107.5 1 2
github.com/sonar-solutions/sonar-migration-tool/internal/migrate/tasks_permissions.go:108.4,108.56 1 1
github.com/sonar-solutions/sonar-migration-tool/internal/migrate/tasks_permissions.go:108.56,110.5 1 2
github.com/sonar-solutions/sonar-migration-tool/internal/migrate/tasks_permissions.go:111.4,111.14 1 1
github.com/sonar-solutions/sonar-migration-tool/internal/migrate/tasks_permissions.go:115.72,122.29 4 1
github.com/sonar-solutions/sonar-migration-tool/internal/migrate/tasks_permissions.go:122.29,126.3 3 1
github.com/sonar-solutions/sonar-migration-tool/internal/migrate/tasks_permissions.go:128.2,129.16 2 1
github.com/sonar-solutions/sonar-migration-tool/internal/migrate/tasks_permissions.go:129.16,131.3 1 0
github.com/sonar-solutions/sonar-migration-tool/internal/migrate/tasks_permissions.go:133.2,133.29 1 1
github.com/sonar-solutions/sonar-migration-tool/internal/migrate/tasks_permissions.go:133.29,135.23 2 1
github.com/sonar-solutions/sonar-migration-tool/internal/migrate/tasks_permissions.go:135.23,136.12 1 0
github.com/sonar-solutions/sonar-migration-tool/internal/migrate/tasks_permissions.go:138.3,140.28 3 1
github.com/sonar-solutions/sonar-migration-tool/internal/migrate/tasks_permissions.go:140.28,141.12 1 0
github.com/sonar-solutions/sonar-migration-tool/internal/migrate/tasks_permissions.go:143.3,143.30 1 1
github.com/sonar-solutions/sonar-migration-tool/internal/migrate/tasks_permissions.go:143.30,144.31 1 1
github.com/sonar-solutions/sonar-migration-tool/internal/migrate/tasks_permissions.go:144.31,145.13 1 0
github.com/sonar-solutions/sonar-migration-tool/internal/migrate/tasks_permissions.go:147.4,148.18 2 1
github.com/sonar-solutions/sonar-migration-tool/internal/migrate/tasks_permissions.go:148.18,151.5 1 0
github.com/sonar-solutions/sonar-migration-tool/internal/migrate/tasks_permissions.go:153.3,153.28 1 1
github.com/sonar-solutions/sonar-migration-tool/internal/migrate/tasks_permissions.go:155.2,155.12 1 1
github.com/sonar-solutions/sonar-migration-tool/internal/migrate/tasks_permissions.go:158.76,165.29 4 1
github.com/sonar-solutions/sonar-migration-tool/internal/migrate/tasks_permissions.go:165.29,172.3 2 1
github.com/sonar-solutions/sonar-migration-tool/internal/migrate/tasks_permissions.go:174.2,175.16 2 1
github.com/sonar-solutions/sonar-migration-tool/internal/migrate/tasks_permissions.go:175.16,177.3 1 0
github.com/sonar-solutions/sonar-migration-tool/internal/migrate/tasks_permissions.go:179.2,179.29 1 1
github.com/sonar-solutions/sonar-migration-tool/internal/migrate/tasks_permissions.go:179.29,183.28 4 1
github.com/sonar-solutions/sonar-migration-tool/internal/migrate/tasks_permissions.go:183.28,185.18 2 1
github.com/sonar-solutions/sonar-migration-tool/internal/migrate/tasks_permissions.go:185.18,188.5 1 0
github.com/sonar-solutions/sonar-migration-tool/internal/migrate/tasks_permissions.go:190.3,190.28 1 1
github.com/sonar-solutions/sonar-migration-tool/internal/migrate/tasks_permissions.go:192.2,192.12 1 1
github.com/sonar-solutions/sonar-migration-tool/internal/migrate/tasks_portfolios.go:12.33,20.54 2 65
github.com/sonar-solutions/sonar-migration-tool/internal/migrate/tasks_portfolios.go:20.54,24.32 3 1
github.com/sonar-solutions/sonar-migration-tool/internal/migrate/tasks_portfolios.go:24.32,29.6 4 1
github.com/sonar-solutions/sonar-migration-tool/internal/migrate/tasks_portfolios.go:32.5,36.41 3 1
github.com/sonar-solutions/sonar-migration-tool/internal/migrate/tasks_portfolios.go:36.41,40.13 4 0
github.com/sonar-solutions/sonar-migration-tool/internal/migrate/tasks_portfolios.go:40.13,41.15 1 0
github.com/sonar-solutions/sonar-migration-tool/internal/migrate/tasks_portfolios.go:43.6,43.89 1 0
github.com/sonar-solutions/sonar-migration-tool/internal/migrate/tasks_portfolios.go:47.5,48.83 1 1
github.com/sonar-solutions/sonar-migration-tool/internal/migrate/tasks_portfolios.go:48.83,52.36 4 1
github.com/sonar-solutions/sonar-migration-tool/internal/migrate/tasks_portfolios.go:52.36,54.8 1 1
github.com/sonar-solutions/sonar-migration-tool/internal/migrate/tasks_portfolios.go:56.7,60.21 2 0
github.com/sonar-solutions/sonar-migration-tool/internal/migrate/tasks_portfolios.go:60.21,63.8 1 0
github.com/sonar-solutions/sonar-migration-tool/internal/migrate/tasks_portfolios.go:64.7,64.17 1 0
github.com/sonar-solutions/sonar-migration-tool/internal/migrate/tasks_read.go:12.28,51.2 1 65
github.com/sonar-solutions/sonar-migration-tool/internal/migrate/tasks_read.go:53.63,55.80 1 2
github.com/sonar-solutions/sonar-migration-tool/internal/migrate/tasks_read.go:55.80,58.49 3 2
github.com/sonar-solutions/sonar-migration-tool/internal/migrate/tasks_read.go:58.49,60.5 1 1
github.com/sonar-solutions/sonar-migration-tool/internal/migrate/tasks_read.go:61.4,61.56 1 1
github.com/sonar-solutions/sonar-migration-tool/internal/migrate/tasks_read.go:61.56,63.5 1 0
github.com/sonar-solutions/sonar-migration-tool/internal/migrate/tasks_read.go:64.4,72.18 3 1
github.com/sonar-solutions/sonar-migration-tool/internal/migrate/tasks_read.go:72.18,74.5 1 0
github.com/sonar-solutions/sonar-migration-tool/internal/migrate/tasks_read.go:75.4,78.33 2 1
github.com/sonar-solutions/sonar-migration-tool/internal/migrate/tasks_read.go:82.61,84.80 1 2
github.com/sonar-solutions/sonar-migration-tool/internal/migrate/tasks_read.go:84.80,86.29 2 2
github.com/sonar-solutions/sonar-migration-tool/internal/migrate/tasks_read.go:86.29,88.5 1 1
github.com/sonar-solutions/sonar-migration-tool/internal/migrate/tasks_read.go:89.4,89.56 1 1
github.com/sonar-solutions/sonar-migration-tool/internal/migrate/tasks_read.go:89.56,91.5 1 0
github.com/sonar-solutions/sonar-migration-tool/internal/migrate/tasks_read.go:92.4,96.18 3 1
github.com/sonar-solutions/sonar-migration-tool/internal/migrate/tasks_read.go:96.18,99.5 2 0
github.com/sonar-solutions/sonar-migration-tool/internal/migrate/tasks_read.go:100.4,103.33 2 1
github.com/sonar-solutions/sonar-migration-tool/internal/migrate/tasks_read.go:107.67,109.80 1 1
github.com/sonar-solutions/sonar-migration-tool/internal/migrate/tasks_read.go:109.80,115.29 5 1
github.com/sonar-solutions/sonar-migration-tool/internal/migrate/tasks_read.go:115.29,117.56 2 1
github.com/sonar-solutions/sonar-migration-tool/internal/migrate/tasks_read.go:117.56,122.49 2 1
github.com/sonar-solutions/sonar-migration-tool/internal/migrate/tasks_read.go:122.49,124.7 1 0
github.com/sonar-solutions/sonar-migration-tool/internal/migrate/tasks_read.go:127.4,127.14 1 1
github.com/sonar-solutions/sonar-migration-tool/internal/migrate/tasks_read.go:131.67,133.80 1 1
github.com/sonar-solutions/sonar-migration-tool/internal/migrate/tasks_read.go:133.80,138.29 4 1
github.com/sonar-solutions/sonar-migration-tool/internal/migrate/tasks_read.go:138.29,140.28 2 1
github.com/sonar-solutions/sonar-migration-tool/internal/migrate/tasks_read.go:140.28,144.49 2 1
github.com/sonar-solutions/sonar-migration-tool/internal/migrate/tasks_read.go:144.49,146.7 1 0
github.com/sonar-solutions/sonar-migration-tool/internal/migrate/tasks_read.go:149.4,149.14 1 1
github.com/sonar-solutions/sonar-migration-tool/internal/migrate/tasks_read.go:153.66,155.16 2 1
github.com/sonar-solutions/sonar-migration-tool/internal/migrate/tasks_read.go:155.16,157.3 1 0
github.com/sonar-solutions/sonar-migration-tool/internal/migrate/tasks_read.go:158.2,158.54 1 1
github.com/sonar-solutions/sonar-migration-tool/internal/migrate/tasks_read.go:158.54,160.3 1 0
github.com/sonar-solutions/sonar-migration-tool/internal/migrate/tasks_read.go:161.2,163.16 3 1
github.com/sonar-solutions/sonar-migration-tool/internal/migrate/tasks_read.go:163.16,165.3 1 0
github.com/sonar-solutions/sonar-migration-tool/internal/migrate/tasks_read.go:166.2,166.24 1 1
github.com/sonar-solutions/sonar-migration-tool/internal/migrate/tasks_read.go:169.68,171.80 1 2
github.com/sonar-solutions/sonar-migration-tool/internal/migrate/tasks_read.go:171.80,173.29 2 2
github.com/sonar-solutions/sonar-migration-tool/internal/migrate/tasks_read.go:173.29,175.5 1 0
github.com/sonar-solutions/sonar-migration-tool/internal/migrate/tasks_read.go:176.4,176.56 1 2
github.com/sonar-solutions/sonar-migration-tool/internal/migrate/tasks_read.go:176.56,178.5 1 0
github.com/sonar-solutions/sonar-migration-tool/internal/migrate/tasks_read.go:179.4,184.18 3 2
github.com/sonar-solutions/sonar-migration-tool/internal/migrate/tasks_read.go:184.18,186.5 1 1
github.com/sonar-solutions/sonar-migration-tool/internal/migrate/tasks_read.go:187.4,190.33 2 1
github.com/sonar-solutions/sonar-migration-tool/internal/migrate/tasks_read.go:194.64,196.16 2 2
github.com/sonar-solutions/sonar-migration-tool/internal/migrate/tasks_read.go:196.16,198.3 1 0
github.com/sonar-solutions/sonar-migration-tool/internal/migrate/tasks_read.go:199.2,199.54 1 2
github.com/sonar-solutions/sonar-migration-tool/internal/migrate/tasks_read.go:199.54,201.3 1 0
github.com/sonar-solutions/sonar-migration-tool/internal/migrate/tasks_read.go:202.2,204.16 3 2
github.com/sonar-solutions/sonar-migration-tool/internal/migrate/tasks_read.go:204.16,206.3 1 0
github.com/sonar-solutions/sonar-migration-tool/internal/migrate/tasks_read.go:207.2,207.24 1 2
github.com/sonar-solutions/sonar-migration-tool/internal/migrate/tasks_rules.go:11.28,24.2 1 65
github.com/sonar-solutions/sonar-migration-tool/internal/migrate/tasks_rules.go:26.64,31.16 3 1
github.com/sonar-solutions/sonar-migration-tool/internal/migrate/tasks_rules.go:31.16,33.3 1 0
github.com/sonar-solutions/sonar-migration-tool/internal/migrate/tasks_rules.go:35.2,35.29 1 1
github.com/sonar-solutions/sonar-migration-tool/internal/migrate/tasks_rules.go:35.29,38.38 3 1
github.com/sonar-solutions/sonar-migration-tool/internal/migrate/tasks_rules.go:38.38,39.12 1 0
github.com/sonar-solutions/sonar-migration-tool/internal/migrate/tasks_rules.go:42.3,46.17 2 1
github.com/sonar-solutions/sonar-migration-tool/internal/migrate/tasks_rules.go:46.17,48.12 2 0
github.com/sonar-solutions/sonar-migration-tool/internal/migrate/tasks_rules.go:50.3,50.28 1 1
github.com/sonar-solutions/sonar-migration-tool/internal/migrate/tasks_rules.go:52.2,52.12 1 1
github.com/sonar-solutions/sonar-migration-tool/internal/migrate/tasks_rules.go:55.72,60.16 3 1
github.com/sonar-solutions/sonar-migration-tool/internal/migrate/tasks_rules.go:60.16,62.3 1 0
github.com/sonar-solutions/sonar-migration-tool/internal/migrate/tasks_rules.go:64.2,64.29 1 1
github.com/sonar-solutions/sonar-migration-tool/internal/migrate/tasks_rules.go:64.29,67.34 3 1
github.com/sonar-solutions/sonar-migration-tool/internal/migrate/tasks_rules.go:67.34,68.12 1 0
github.com/sonar-solutions/sonar-migration-tool/internal/migrate/tasks_rules.go:71.3,75.17 2 1
github.com/sonar-solutions/sonar-migration-tool/internal/migrate/tasks_rules.go:75.17,77.12 2 0
github.com/sonar-solutions/sonar-migration-tool/internal/migrate/tasks_rules.go:79.3,79.28 1 1
github.com/sonar-solutions/sonar-migration-tool/internal/migrate/tasks_rules.go:81.2,81.12 1 1
github.com/sonar-solutions/sonar-migration-tool/internal/migrate/tasks_setup.go:6.29,10.54 1 68
github.com/sonar-solutions/sonar-migration-tool/internal/migrate/tasks_setup.go:10.54,12.5 1 7
github.com/sonar-solutions/sonar-migration-tool/internal/migrate/tasks_setup.go:16.54,18.5 1 4
github.com/sonar-solutions/sonar-migration-tool/internal/migrate/tasks_setup.go:22.54,24.5 1 4
github.com/sonar-solutions/sonar-migration-tool/internal/migrate/tasks_setup.go:28.54,30.5 1 4
github.com/sonar-solutions/sonar-migration-tool/internal/migrate/tasks_setup.go:34.54,36.5 1 4
github.com/sonar-solutions/sonar-migration-tool/internal/migrate/tasks_setup.go:40.54,42.5 1 3
github.com/sonar-solutions/sonar-migration-tool/internal/migrate/tasks_setup.go:46.54,48.5 1 6
