mode: atomic
github.com/sonar-solutions/sq-api-go/auth.go:26.78,31.2 3 2
github.com/sonar-solutions/sq-api-go/auth.go:39.60,40.67 1 22
github.com/sonar-solutions/sq-api-go/auth.go:40.67,42.3 1 19
github.com/sonar-solutions/sq-api-go/auth.go:43.2,44.41 2 3
github.com/sonar-solutions/sq-api-go/client.go:47.35,49.2 1 3
github.com/sonar-solutions/sq-api-go/client.go:53.36,55.2 1 2
github.com/sonar-solutions/sq-api-go/client.go:58.33,60.2 1 2
github.com/sonar-solutions/sq-api-go/client.go:63.44,65.2 1 3
github.com/sonar-solutions/sq-api-go/client.go:69.34,71.2 1 7
github.com/sonar-solutions/sq-api-go/client.go:78.86,80.2 1 11
github.com/sonar-solutions/sq-api-go/client.go:86.68,88.2 1 1
github.com/sonar-solutions/sq-api-go/client.go:90.80,92.27 2 12
github.com/sonar-solutions/sq-api-go/client.go:92.27,94.3 1 6
github.com/sonar-solutions/sq-api-go/client.go:96.2,106.3 2 12
github.com/sonar-solutions/sq-api-go/client.go:112.89,114.19 2 14
github.com/sonar-solutions/sq-api-go/client.go:114.19,116.3 1 11
github.com/sonar-solutions/sq-api-go/client.go:116.8,116.35 1 3
github.com/sonar-solutions/sq-api-go/client.go:116.35,118.3 1 2
github.com/sonar-solutions/sq-api-go/client.go:120.2,134.3 3 14
github.com/sonar-solutions/sq-api-go/client.go:138.40,140.2 1 12
github.com/sonar-solutions/sq-api-go/client.go:149.62,153.25 4 8
github.com/sonar-solutions/sq-api-go/client.go:153.25,155.3 1 3
github.com/sonar-solutions/sq-api-go/client.go:157.2,159.20 3 5
github.com/sonar-solutions/sq-api-go/errors.go:22.35,24.2 1 1
github.com/sonar-solutions/sq-api-go/errors.go:27.33,30.2 2 3
github.com/sonar-solutions/sq-api-go/errors.go:33.37,36.2 2 3
github.com/sonar-solutions/sq-api-go/errors.go:39.34,42.2 2 3
github.com/sonar-solutions/sq-api-go/errors.go:46.38,48.76 2 5
github.com/sonar-solutions/sq-api-go/errors.go:48.76,50.3 1 2
github.com/sonar-solutions/sq-api-go/errors.go:51.2,52.50 2 3
github.com/sonar-solutions/sq-api-go/options.go:20.42,25.2 1 14
github.com/sonar-solutions/sq-api-go/options.go:36.56,37.33 1 4
github.com/sonar-solutions/sq-api-go/options.go:37.33,39.17 2 4
github.com/sonar-solutions/sq-api-go/options.go:39.17,42.4 2 1
github.com/sonar-solutions/sq-api-go/options.go:43.3,44.17 2 3
github.com/sonar-solutions/sq-api-go/options.go:44.17,47.4 2 1
github.com/sonar-solutions/sq-api-go/options.go:48.3,49.17 2 2
github.com/sonar-solutions/sq-api-go/options.go:49.17,52.4 2 1
github.com/sonar-solutions/sq-api-go/options.go:53.3,53.27 1 1
github.com/sonar-solutions/sq-api-go/options.go:53.27,55.4 1 1
github.com/sonar-solutions/sq-api-go/options.go:56.3,56.72 1 1
github.com/sonar-solutions/sq-api-go/options.go:62.39,63.33 1 1
github.com/sonar-solutions/sq-api-go/options.go:63.33,65.3 1 1
github.com/sonar-solutions/sq-api-go/options.go:69.38,70.33 1 1
github.com/sonar-solutions/sq-api-go/options.go:70.33,72.3 1 1
github.com/sonar-solutions/sq-api-go/pagination.go:42.78,43.19 1 9
github.com/sonar-solutions/sq-api-go/pagination.go:43.19,45.3 1 1
github.com/sonar-solutions/sq-api-go/pagination.go:46.2,46.56 1 9
github.com/sonar-solutions/sq-api-go/pagination.go:50.62,52.39 2 6
github.com/sonar-solutions/sq-api-go/pagination.go:52.39,53.17 1 11
github.com/sonar-solutions/sq-api-go/pagination.go:53.17,55.4 1 2
github.com/sonar-solutions/sq-api-go/pagination.go:56.3,56.30 1 9
github.com/sonar-solutions/sq-api-go/pagination.go:58.2,58.17 1 4
github.com/sonar-solutions/sq-api-go/pagination.go:71.85,72.43 1 9
github.com/sonar-solutions/sq-api-go/pagination.go:72.43,74.17 2 9
github.com/sonar-solutions/sq-api-go/pagination.go:74.17,77.4 2 1
github.com/sonar-solutions/sq-api-go/pagination.go:79.3,79.25 1 8
github.com/sonar-solutions/sq-api-go/pagination.go:79.25,81.4 1 1
github.com/sonar-solutions/sq-api-go/pagination.go:83.3,84.40 2 7
github.com/sonar-solutions/sq-api-go/pagination.go:84.40,85.36 1 6
github.com/sonar-solutions/sq-api-go/pagination.go:85.36,88.5 2 1
github.com/sonar-solutions/sq-api-go/pagination.go:90.4,91.18 2 5
github.com/sonar-solutions/sq-api-go/pagination.go:91.18,94.5 2 1
github.com/sonar-solutions/sq-api-go/pagination.go:96.4,96.26 1 4
github.com/sonar-solutions/sq-api-go/pagination.go:96.26,98.5 1 1
github.com/sonar-solutions/sq-api-go/pagination.go:104.42,105.33 1 15
github.com/sonar-solutions/sq-api-go/pagination.go:105.33,107.3 1 2
github.com/sonar-solutions/sq-api-go/pagination.go:108.2,108.59 1 13
github.com/sonar-solutions/sq-api-go/retry.go:38.79,46.37 3 6
github.com/sonar-solutions/sq-api-go/retry.go:46.37,49.59 2 10
github.com/sonar-solutions/sq-api-go/retry.go:49.59,51.4 1 5
github.com/sonar-solutions/sq-api-go/retry.go:54.3,54.18 1 5
github.com/sonar-solutions/sq-api-go/retry.go:54.18,57.4 2 5
github.com/sonar-solutions/sq-api-go/retry.go:59.3,59.31 1 5
github.com/sonar-solutions/sq-api-go/retry.go:59.31,61.4 1 4
github.com/sonar-solutions/sq-api-go/retry.go:64.2,64.18 1 1
github.com/sonar-solutions/sq-api-go/retry.go:68.44,70.2 1 1004
github.com/sonar-solutions/sq-api-go/server/alm.go:14.83,16.74 2 2
github.com/sonar-solutions/sq-api-go/server/alm.go:16.74,18.3 1 1
github.com/sonar-solutions/sq-api-go/server/alm.go:19.2,19.32 1 1
github.com/sonar-solutions/sq-api-go/server/alm.go:24.99,29.84 4 2
github.com/sonar-solutions/sq-api-go/server/alm.go:29.84,31.3 1 1
github.com/sonar-solutions/sq-api-go/server/alm.go:32.2,32.21 1 1
github.com/sonar-solutions/sq-api-go/server/analyses.go:16.106,17.105 1 2
github.com/sonar-solutions/sq-api-go/server/analyses.go:17.105,24.84 6 2
github.com/sonar-solutions/sq-api-go/server/analyses.go:24.84,26.4 1 1
github.com/sonar-solutions/sq-api-go/server/analyses.go:27.3,27.51 1 1
github.com/sonar-solutions/sq-api-go/server/branches.go:14.95,19.81 4 2
github.com/sonar-solutions/sq-api-go/server/branches.go:19.81,21.3 1 1
github.com/sonar-solutions/sq-api-go/server/branches.go:22.2,22.29 1 1
github.com/sonar-solutions/sq-api-go/server/client.go:51.35,76.2 2 79
github.com/sonar-solutions/sq-api-go/server/client.go:80.25,80.51 1 62
github.com/sonar-solutions/sq-api-go/server/client.go:88.94,90.16 2 74
github.com/sonar-solutions/sq-api-go/server/client.go:90.16,92.3 1 0
github.com/sonar-solutions/sq-api-go/server/client.go:93.2,93.21 1 74
github.com/sonar-solutions/sq-api-go/server/client.go:93.21,95.3 1 54
github.com/sonar-solutions/sq-api-go/server/client.go:97.2,98.16 2 74
github.com/sonar-solutions/sq-api-go/server/client.go:98.16,100.3 1 0
github.com/sonar-solutions/sq-api-go/server/client.go:101.2,103.28 2 74
github.com/sonar-solutions/sq-api-go/server/client.go:103.28,111.3 2 36
github.com/sonar-solutions/sq-api-go/server/client.go:113.2,113.47 1 38
github.com/sonar-solutions/sq-api-go/server/client.go:118.100,120.16 2 5
github.com/sonar-solutions/sq-api-go/server/client.go:120.16,122.3 1 0
github.com/sonar-solutions/sq-api-go/server/client.go:123.2,123.21 1 5
github.com/sonar-solutions/sq-api-go/server/client.go:123.21,125.3 1 2
github.com/sonar-solutions/sq-api-go/server/client.go:127.2,128.16 2 5
github.com/sonar-solutions/sq-api-go/server/client.go:128.16,130.3 1 0
github.com/sonar-solutions/sq-api-go/server/client.go:131.2,134.16 3 5
github.com/sonar-solutions/sq-api-go/server/client.go:134.16,136.3 1 0
github.com/sonar-solutions/sq-api-go/server/client.go:138.2,138.28 1 5
github.com/sonar-solutions/sq-api-go/server/client.go:138.28,145.3 1 3
github.com/sonar-solutions/sq-api-go/server/client.go:147.2,147.18 1 2
github.com/sonar-solutions/sq-api-go/server/groups.go:18.82,19.102 1 2
github.com/sonar-solutions/sq-api-go/server/groups.go:19.102,25.79 5 2
github.com/sonar-solutions/sq-api-go/server/groups.go:25.79,27.4 1 1
github.com/sonar-solutions/sq-api-go/server/groups.go:28.3,28.49 1 1
github.com/sonar-solutions/sq-api-go/server/groups.go:34.103,35.106 1 2
github.com/sonar-solutions/sq-api-go/server/groups.go:35.106,42.78 6 2
github.com/sonar-solutions/sq-api-go/server/groups.go:42.78,44.4 1 1
github.com/sonar-solutions/sq-api-go/server/groups.go:45.3,45.48 1 1
github.com/sonar-solutions/sq-api-go/server/hotspots.go:16.105,17.104 1 2
github.com/sonar-solutions/sq-api-go/server/hotspots.go:17.104,24.76 6 2
github.com/sonar-solutions/sq-api-go/server/hotspots.go:24.76,26.4 1 1
github.com/sonar-solutions/sq-api-go/server/hotspots.go:27.3,27.51 1 1
github.com/sonar-solutions/sq-api-go/server/issues.go:15.101,16.102 1 2
github.com/sonar-solutions/sq-api-go/server/issues.go:16.102,23.74 6 2
github.com/sonar-solutions/sq-api-go/server/issues.go:23.74,25.4 1 1
github.com/sonar-solutions/sq-api-go/server/issues.go:26.3,26.49 1 1
github.com/sonar-solutions/sq-api-go/server/measures.go:16.122,22.75 5 2
github.com/sonar-solutions/sq-api-go/server/measures.go:22.75,24.3 1 1
github.com/sonar-solutions/sq-api-go/server/measures.go:25.2,25.29 1 1
github.com/sonar-solutions/sq-api-go/server/newcode.go:15.101,20.81 4 2
github.com/sonar-solutions/sq-api-go/server/newcode.go:20.81,22.3 1 1
github.com/sonar-solutions/sq-api-go/server/newcode.go:23.2,23.35 1 1
github.com/sonar-solutions/sq-api-go/server/permissions.go:16.102,18.85 2 2
github.com/sonar-solutions/sq-api-go/server/permissions.go:18.85,20.3 1 1
github.com/sonar-solutions/sq-api-go/server/permissions.go:21.2,21.40 1 1
github.com/sonar-solutions/sq-api-go/server/permissions.go:26.124,27.110 1 2
github.com/sonar-solutions/sq-api-go/server/permissions.go:27.110,34.88 6 2
github.com/sonar-solutions/sq-api-go/server/permissions.go:34.88,36.4 1 1
github.com/sonar-solutions/sq-api-go/server/permissions.go:37.3,37.49 1 1
github.com/sonar-solutions/sq-api-go/server/permissions.go:43.122,44.109 1 2
github.com/sonar-solutions/sq-api-go/server/permissions.go:44.109,51.87 6 2
github.com/sonar-solutions/sq-api-go/server/permissions.go:51.87,53.4 1 1
github.com/sonar-solutions/sq-api-go/server/permissions.go:54.3,54.48 1 1
github.com/sonar-solutions/sq-api-go/server/plugins.go:13.80,15.74 2 2
github.com/sonar-solutions/sq-api-go/server/plugins.go:15.74,17.3 1 1
github.com/sonar-solutions/sq-api-go/server/plugins.go:18.2,18.28 1 1
github.com/sonar-solutions/sq-api-go/server/projects.go:15.86,16.104 1 2
github.com/sonar-solutions/sq-api-go/server/projects.go:16.104,22.76 5 2
github.com/sonar-solutions/sq-api-go/server/projects.go:22.76,24.4 1 1
github.com/sonar-solutions/sq-api-go/server/projects.go:25.3,25.53 1 1
github.com/sonar-solutions/sq-api-go/server/projects.go:30.109,35.80 4 2
github.com/sonar-solutions/sq-api-go/server/projects.go:35.80,37.3 1 1
github.com/sonar-solutions/sq-api-go/server/projects.go:38.2,44.8 1 1
github.com/sonar-solutions/sq-api-go/server/projects.go:48.85,50.79 2 2
github.com/sonar-solutions/sq-api-go/server/projects.go:50.79,52.3 1 1
github.com/sonar-solutions/sq-api-go/server/projects.go:53.2,53.29 1 1
github.com/sonar-solutions/sq-api-go/server/projects.go:57.88,62.75 4 2
github.com/sonar-solutions/sq-api-go/server/projects.go:62.75,64.3 1 1
github.com/sonar-solutions/sq-api-go/server/projects.go:65.2,65.35 1 1
github.com/sonar-solutions/sq-api-go/server/pullrequests.go:15.104,20.86 4 2
github.com/sonar-solutions/sq-api-go/server/pullrequests.go:20.86,22.3 1 1
github.com/sonar-solutions/sq-api-go/server/pullrequests.go:23.2,23.33 1 1
github.com/sonar-solutions/sq-api-go/server/qualitygates.go:17.85,19.74 2 2
github.com/sonar-solutions/sq-api-go/server/qualitygates.go:19.74,21.3 1 1
github.com/sonar-solutions/sq-api-go/server/qualitygates.go:22.2,22.33 1 1
github.com/sonar-solutions/sq-api-go/server/qualitygates.go:26.101,31.77 4 2
github.com/sonar-solutions/sq-api-go/server/qualitygates.go:31.77,33.3 1 1
github.com/sonar-solutions/sq-api-go/server/qualitygates.go:34.2,34.21 1 1
github.com/sonar-solutions/sq-api-go/server/qualitygates.go:39.122,40.113 1 2
github.com/sonar-solutions/sq-api-go/server/qualitygates.go:40.113,47.87 6 2
github.com/sonar-solutions/sq-api-go/server/qualitygates.go:47.87,49.4 1 1
github.com/sonar-solutions/sq-api-go/server/qualitygates.go:50.3,50.49 1 1
github.com/sonar-solutions/sq-api-go/server/qualitygates.go:56.120,57.112 1 2
github.com/sonar-solutions/sq-api-go/server/qualitygates.go:57.112,64.86 6 2
github.com/sonar-solutions/sq-api-go/server/qualitygates.go:64.86,66.4 1 1
github.com/sonar-solutions/sq-api-go/server/qualitygates.go:67.3,67.48 1 1
github.com/sonar-solutions/sq-api-go/server/qualityprofiles.go:15.93,17.79 2 2
github.com/sonar-solutions/sq-api-go/server/qualityprofiles.go:17.79,19.3 1 1
github.com/sonar-solutions/sq-api-go/server/qualityprofiles.go:20.2,20.29 1 1
github.com/sonar-solutions/sq-api-go/server/qualityprofiles.go:25.107,30.2 4 2
github.com/sonar-solutions/sq-api-go/server/qualityprofiles.go:34.134,35.109 1 2
github.com/sonar-solutions/sq-api-go/server/qualityprofiles.go:35.109,43.90 7 2
github.com/sonar-solutions/sq-api-go/server/qualityprofiles.go:43.90,45.4 1 1
github.com/sonar-solutions/sq-api-go/server/qualityprofiles.go:46.3,46.49 1 1
github.com/sonar-solutions/sq-api-go/server/qualityprofiles.go:52.132,53.108 1 2
github.com/sonar-solutions/sq-api-go/server/qualityprofiles.go:53.108,61.89 7 2
github.com/sonar-solutions/sq-api-go/server/qualityprofiles.go:61.89,63.4 1 1
github.com/sonar-solutions/sq-api-go/server/qualityprofiles.go:64.3,64.48 1 1
github.com/sonar-solutions/sq-api-go/server/rules.go:15.80,16.101 1 2
github.com/sonar-solutions/sq-api-go/server/rules.go:16.101,22.73 5 2
github.com/sonar-solutions/sq-api-go/server/rules.go:22.73,24.4 1 1
github.com/sonar-solutions/sq-api-go/server/rules.go:25.3,25.48 1 1
github.com/sonar-solutions/sq-api-go/server/rules.go:30.86,35.70 4 2
github.com/sonar-solutions/sq-api-go/server/rules.go:35.70,37.3 1 1
github.com/sonar-solutions/sq-api-go/server/rules.go:38.2,38.26 1 1
github.com/sonar-solutions/sq-api-go/server/rules.go:42.89,44.75 2 2
github.com/sonar-solutions/sq-api-go/server/rules.go:44.75,46.3 1 1
github.com/sonar-solutions/sq-api-go/server/rules.go:47.2,47.33 1 1
github.com/sonar-solutions/sq-api-go/server/settings.go:16.110,18.21 2 3
github.com/sonar-solutions/sq-api-go/server/settings.go:18.21,20.3 1 1
github.com/sonar-solutions/sq-api-go/server/settings.go:21.2,21.16 1 3
github.com/sonar-solutions/sq-api-go/server/settings.go:21.16,23.3 1 1
github.com/sonar-solutions/sq-api-go/server/settings.go:25.2,26.75 2 3
github.com/sonar-solutions/sq-api-go/server/settings.go:26.75,28.3 1 1
github.com/sonar-solutions/sq-api-go/server/settings.go:29.2,29.29 1 2
github.com/sonar-solutions/sq-api-go/server/system.go:16.76,18.68 2 2
github.com/sonar-solutions/sq-api-go/server/system.go:18.68,20.3 1 1
github.com/sonar-solutions/sq-api-go/server/system.go:21.2,21.20 1 1
github.com/sonar-solutions/sq-api-go/server/system.go:26.70,28.16 2 3
github.com/sonar-solutions/sq-api-go/server/system.go:28.16,30.3 1 2
github.com/sonar-solutions/sq-api-go/server/system.go:31.2,31.47 1 1
github.com/sonar-solutions/sq-api-go/server/tokens.go:14.93,19.78 4 2
github.com/sonar-solutions/sq-api-go/server/tokens.go:19.78,21.3 1 1
github.com/sonar-solutions/sq-api-go/server/tokens.go:22.2,22.31 1 1
github.com/sonar-solutions/sq-api-go/server/users.go:18.80,19.101 1 2
github.com/sonar-solutions/sq-api-go/server/users.go:19.101,25.73 5 2
github.com/sonar-solutions/sq-api-go/server/users.go:25.73,27.4 1 1
github.com/sonar-solutions/sq-api-go/server/users.go:28.3,28.48 1 1
github.com/sonar-solutions/sq-api-go/server/views.go:19.98,20.101 1 3
github.com/sonar-solutions/sq-api-go/server/views.go:20.101,22.22 2 3
github.com/sonar-solutions/sq-api-go/server/views.go:22.22,24.4 1 2
github.com/sonar-solutions/sq-api-go/server/views.go:25.3,29.73 4 3
github.com/sonar-solutions/sq-api-go/server/views.go:29.73,31.4 1 1
github.com/sonar-solutions/sq-api-go/server/views.go:32.3,32.48 1 2
github.com/sonar-solutions/sq-api-go/server/views.go:38.89,43.70 4 2
github.com/sonar-solutions/sq-api-go/server/views.go:43.70,45.3 1 1
github.com/sonar-solutions/sq-api-go/server/views.go:46.2,46.21 1 1
github.com/sonar-solutions/sq-api-go/server/webhooks.go:13.77,15.70 2 2
github.com/sonar-solutions/sq-api-go/server/webhooks.go:15.70,17.3 1 1
github.com/sonar-solutions/sq-api-go/server/webhooks.go:18.2,18.29 1 1
github.com/sonar-solutions/sq-api-go/cloud/branches.go:12.85,17.2 4 2
github.com/sonar-solutions/sq-api-go/cloud/client.go:52.35,66.2 2 55
github.com/sonar-solutions/sq-api-go/cloud/client.go:75.97,81.16 2 42
github.com/sonar-solutions/sq-api-go/cloud/client.go:81.16,83.3 1 0
github.com/sonar-solutions/sq-api-go/cloud/client.go:84.2,85.23 2 42
github.com/sonar-solutions/sq-api-go/cloud/client.go:91.93,93.16 2 5
github.com/sonar-solutions/sq-api-go/cloud/client.go:93.16,95.3 1 0
github.com/sonar-solutions/sq-api-go/cloud/client.go:96.2,101.16 2 5
github.com/sonar-solutions/sq-api-go/cloud/client.go:101.16,103.3 1 0
github.com/sonar-solutions/sq-api-go/cloud/client.go:104.2,105.23 2 5
github.com/sonar-solutions/sq-api-go/cloud/client.go:111.94,113.16 2 2
github.com/sonar-solutions/sq-api-go/cloud/client.go:113.16,115.3 1 0
github.com/sonar-solutions/sq-api-go/cloud/client.go:116.2,121.16 2 2
github.com/sonar-solutions/sq-api-go/cloud/client.go:121.16,123.3 1 0
github.com/sonar-solutions/sq-api-go/cloud/client.go:124.2,125.23 2 2
github.com/sonar-solutions/sq-api-go/cloud/client.go:129.72,135.16 2 2
github.com/sonar-solutions/sq-api-go/cloud/client.go:135.16,137.3 1 0
github.com/sonar-solutions/sq-api-go/cloud/client.go:138.2,138.23 1 2
github.com/sonar-solutions/sq-api-go/cloud/client.go:152.9,156.27 3 2
github.com/sonar-solutions/sq-api-go/cloud/client.go:156.27,157.45 1 2
github.com/sonar-solutions/sq-api-go/cloud/client.go:157.45,159.4 1 0
github.com/sonar-solutions/sq-api-go/cloud/client.go:161.2,161.43 1 2
github.com/sonar-solutions/sq-api-go/cloud/client.go:161.43,163.17 2 2
github.com/sonar-solutions/sq-api-go/cloud/client.go:163.17,165.4 1 0
github.com/sonar-solutions/sq-api-go/cloud/client.go:166.3,166.49 1 2
github.com/sonar-solutions/sq-api-go/cloud/client.go:166.49,168.4 1 0
github.com/sonar-solutions/sq-api-go/cloud/client.go:170.2,170.35 1 2
github.com/sonar-solutions/sq-api-go/cloud/client.go:170.35,172.3 1 0
github.com/sonar-solutions/sq-api-go/cloud/client.go:174.2,179.16 2 2
github.com/sonar-solutions/sq-api-go/cloud/client.go:179.16,181.3 1 0
github.com/sonar-solutions/sq-api-go/cloud/client.go:182.2,183.23 2 2
github.com/sonar-solutions/sq-api-go/cloud/client.go:188.79,190.16 2 2
github.com/sonar-solutions/sq-api-go/cloud/client.go:190.16,192.3 1 0
github.com/sonar-solutions/sq-api-go/cloud/client.go:193.2,193.23 1 2
github.com/sonar-solutions/sq-api-go/cloud/client.go:197.59,199.16 2 55
github.com/sonar-solutions/sq-api-go/cloud/client.go:199.16,201.3 1 0
github.com/sonar-solutions/sq-api-go/cloud/client.go:202.2,204.28 2 55
github.com/sonar-solutions/sq-api-go/cloud/client.go:204.28,212.3 2 17
github.com/sonar-solutions/sq-api-go/cloud/client.go:214.2,214.59 1 38
github.com/sonar-solutions/sq-api-go/cloud/client.go:214.59,216.3 1 23
github.com/sonar-solutions/sq-api-go/cloud/client.go:218.2,218.47 1 15
github.com/sonar-solutions/sq-api-go/cloud/dop.go:21.98,27.2 2 2
github.com/sonar-solutions/sq-api-go/cloud/enterprises.go:20.83,22.75 2 2
github.com/sonar-solutions/sq-api-go/cloud/enterprises.go:22.75,24.3 1 1
github.com/sonar-solutions/sq-api-go/cloud/enterprises.go:25.2,25.32 1 1
github.com/sonar-solutions/sq-api-go/cloud/enterprises.go:39.122,41.21 2 3
github.com/sonar-solutions/sq-api-go/cloud/enterprises.go:41.21,43.3 1 2
github.com/sonar-solutions/sq-api-go/cloud/enterprises.go:44.2,52.81 3 3
github.com/sonar-solutions/sq-api-go/cloud/enterprises.go:52.81,54.3 1 1
github.com/sonar-solutions/sq-api-go/cloud/enterprises.go:55.2,55.21 1 2
github.com/sonar-solutions/sq-api-go/cloud/enterprises.go:68.102,74.2 3 2
github.com/sonar-solutions/sq-api-go/cloud/enterprises.go:77.92,80.2 2 2
github.com/sonar-solutions/sq-api-go/cloud/groups.go:22.100,26.30 4 3
github.com/sonar-solutions/sq-api-go/cloud/groups.go:26.30,28.3 1 1
github.com/sonar-solutions/sq-api-go/cloud/groups.go:30.2,31.81 2 3
github.com/sonar-solutions/sq-api-go/cloud/groups.go:31.81,33.3 1 1
github.com/sonar-solutions/sq-api-go/cloud/groups.go:34.2,34.27 1 2
github.com/sonar-solutions/sq-api-go/cloud/groups.go:38.71,42.2 3 1
github.com/sonar-solutions/sq-api-go/cloud/groups.go:45.98,51.2 5 1
github.com/sonar-solutions/sq-api-go/cloud/permissions.go:22.129,26.30 4 3
github.com/sonar-solutions/sq-api-go/cloud/permissions.go:26.30,28.3 1 1
github.com/sonar-solutions/sq-api-go/cloud/permissions.go:29.2,29.36 1 3
github.com/sonar-solutions/sq-api-go/cloud/permissions.go:29.36,31.3 1 1
github.com/sonar-solutions/sq-api-go/cloud/permissions.go:33.2,34.90 2 3
github.com/sonar-solutions/sq-api-go/cloud/permissions.go:34.90,36.3 1 1
github.com/sonar-solutions/sq-api-go/cloud/permissions.go:37.2,37.40 1 2
github.com/sonar-solutions/sq-api-go/cloud/permissions.go:41.90,45.2 3 1
github.com/sonar-solutions/sq-api-go/cloud/permissions.go:50.105,55.2 4 1
github.com/sonar-solutions/sq-api-go/cloud/permissions.go:60.121,65.22 5 2
github.com/sonar-solutions/sq-api-go/cloud/permissions.go:65.22,67.3 1 1
github.com/sonar-solutions/sq-api-go/cloud/permissions.go:68.2,68.64 1 2
github.com/sonar-solutions/sq-api-go/cloud/permissions.go:73.117,79.2 5 1
github.com/sonar-solutions/sq-api-go/cloud/projects.go:27.106,32.29 5 4
github.com/sonar-solutions/sq-api-go/cloud/projects.go:32.29,34.3 1 1
github.com/sonar-solutions/sq-api-go/cloud/projects.go:35.2,35.40 1 4
github.com/sonar-solutions/sq-api-go/cloud/projects.go:35.40,37.3 1 1
github.com/sonar-solutions/sq-api-go/cloud/projects.go:38.2,38.41 1 4
github.com/sonar-solutions/sq-api-go/cloud/projects.go:38.41,40.3 1 1
github.com/sonar-solutions/sq-api-go/cloud/projects.go:42.2,43.78 2 4
github.com/sonar-solutions/sq-api-go/cloud/projects.go:43.78,45.3 1 2
github.com/sonar-solutions/sq-api-go/cloud/projects.go:46.2,46.29 1 2
github.com/sonar-solutions/sq-api-go/cloud/projects.go:50.79,54.2 3 2
github.com/sonar-solutions/sq-api-go/cloud/projects.go:58.86,63.2 4 1
github.com/sonar-solutions/sq-api-go/cloud/qualitygates.go:15.113,21.82 5 2
github.com/sonar-solutions/sq-api-go/cloud/qualitygates.go:21.82,23.3 1 1
github.com/sonar-solutions/sq-api-go/cloud/qualitygates.go:24.2,24.21 1 1
github.com/sonar-solutions/sq-api-go/cloud/qualitygates.go:37.134,46.92 8 2
github.com/sonar-solutions/sq-api-go/cloud/qualitygates.go:46.92,48.3 1 1
github.com/sonar-solutions/sq-api-go/cloud/qualitygates.go:49.2,49.21 1 1
github.com/sonar-solutions/sq-api-go/cloud/qualitygates.go:53.98,58.2 4 1
github.com/sonar-solutions/sq-api-go/cloud/qualitygates.go:61.109,67.2 5 1
github.com/sonar-solutions/sq-api-go/cloud/qualitygates.go:71.101,76.2 4 1
github.com/sonar-solutions/sq-api-go/cloud/qualityprofiles.go:21.120,28.85 6 2
github.com/sonar-solutions/sq-api-go/cloud/qualityprofiles.go:28.85,30.3 1 1
github.com/sonar-solutions/sq-api-go/cloud/qualityprofiles.go:31.2,31.29 1 1
github.com/sonar-solutions/sq-api-go/cloud/qualityprofiles.go:36.132,39.128 3 2
github.com/sonar-solutions/sq-api-go/cloud/qualityprofiles.go:39.128,41.3 1 1
github.com/sonar-solutions/sq-api-go/cloud/qualityprofiles.go:42.2,42.29 1 1
github.com/sonar-solutions/sq-api-go/cloud/qualityprofiles.go:46.111,52.2 5 1
github.com/sonar-solutions/sq-api-go/cloud/qualityprofiles.go:56.115,62.2 5 1
github.com/sonar-solutions/sq-api-go/cloud/qualityprofiles.go:65.129,72.2 6 1
github.com/sonar-solutions/sq-api-go/cloud/qualityprofiles.go:76.127,83.2 6 1
github.com/sonar-solutions/sq-api-go/cloud/qualityprofiles.go:87.124,94.2 6 1
github.com/sonar-solutions/sq-api-go/cloud/rules.go:26.97,29.42 3 3
github.com/sonar-solutions/sq-api-go/cloud/rules.go:29.42,31.3 1 1
github.com/sonar-solutions/sq-api-go/cloud/rules.go:32.2,32.31 1 3
github.com/sonar-solutions/sq-api-go/cloud/rules.go:32.31,34.3 1 1
github.com/sonar-solutions/sq-api-go/cloud/rules.go:36.2,37.75 2 3
github.com/sonar-solutions/sq-api-go/cloud/rules.go:37.75,39.3 1 1
github.com/sonar-solutions/sq-api-go/cloud/rules.go:40.2,40.26 1 2
github.com/sonar-solutions/sq-api-go/cloud/settings.go:13.95,19.2 5 2
github.com/sonar-solutions/sq-api-go/cloud/settings.go:23.111,32.2 5 1
